[ 2016-10-17T10:15:45+08:00 ] 192.168.1.26 /
INFO: [ app_init ] --START--
INFO: Run Behavior\BuildLiteBehavior [ RunTime:0.000251s ]
INFO: [ app_init ] --END-- [ RunTime:0.005595s ]
INFO: [ app_begin ] --START--
INFO: Run Behavior\ReadHtmlCacheBehavior [ RunTime:0.001357s ]
INFO: [ app_begin ] --END-- [ RunTime:0.001595s ]
NOTIC: [8] Undefined index: signature /home/red/test/weChat/weChat/Home/Controller/IndexController.class.php 第 12 行.
NOTIC: [8] Undefined index: timestamp /home/red/test/weChat/weChat/Home/Controller/IndexController.class.php 第 13 行.
NOTIC: [8] Undefined index: nonce /home/red/test/weChat/weChat/Home/Controller/IndexController.class.php 第 14 行.
NOTIC: [8] Undefined index: echostr /home/red/test/weChat/weChat/Home/Controller/IndexController.class.php 第 15 行.
INFO: [ app_end ] --START--
INFO: Run Behavior\ShowPageTraceBehavior [ RunTime:0.000401s ]
INFO: [ app_end ] --END-- [ RunTime:0.000448s ]

[ 2016-10-17T10:17:14+08:00 ] 192.168.1.118 /?signature=41ef3246c6aecee4cc280466a1a83a3d95be82eb&timestamp=1476670633&nonce=136970175&openid=ot9f5wg8CWeEKwujnX0uHi1HUXQU&encrypt_type=aes&msg_signature=60ca6ee32d9a934c0b810711793c13006334362c
INFO: [ app_init ] --START--
INFO: Run Behavior\BuildLiteBehavior [ RunTime:0.000012s ]
INFO: [ app_init ] --END-- [ RunTime:0.000338s ]
INFO: [ app_begin ] --START--
INFO: Run Behavior\ReadHtmlCacheBehavior [ RunTime:0.000274s ]
INFO: [ app_begin ] --END-- [ RunTime:0.000307s ]
NOTIC: [8] Undefined index: echostr /home/red/test/weChat/weChat/Home/Controller/IndexController.class.php 第 15 行.
INFO: [ app_end ] --START--
INFO: Run Behavior\ShowPageTraceBehavior [ RunTime:0.000321s ]
INFO: [ app_end ] --END-- [ RunTime:0.000366s ]

[ 2016-10-17T10:50:27+08:00 ] 192.168.1.118 /?signature=6dbbc073ed3a05f8fff87e9b5a37fb6fa5021412&timestamp=1476672627&nonce=464931846&openid=ot9f5wg8CWeEKwujnX0uHi1HUXQU&encrypt_type=aes&msg_signature=279c54cba25bdd43670502ab46b221a1cc82f9bf
INFO: [ app_init ] --START--
INFO: Run Behavior\BuildLiteBehavior [ RunTime:0.000007s ]
INFO: [ app_init ] --END-- [ RunTime:0.000207s ]
INFO: [ app_begin ] --START--
INFO: Run Behavior\ReadHtmlCacheBehavior [ RunTime:0.000229s ]
INFO: [ app_begin ] --END-- [ RunTime:0.000253s ]
NOTIC: [8] Undefined index: echostr /home/red/test/weChat/weChat/Home/Controller/IndexController.class.php 第 18 行.
INFO: [ app_end ] --START--
INFO: Run Behavior\ShowPageTraceBehavior [ RunTime:0.000334s ]
INFO: [ app_end ] --END-- [ RunTime:0.000372s ]

[ 2016-10-17T10:51:04+08:00 ] 192.168.1.118 /?signature=c3c81f81127e830bab42418da68ffdda2087fdf9&timestamp=1476672663&nonce=1890468205&openid=ot9f5wg8CWeEKwujnX0uHi1HUXQU&encrypt_type=aes&msg_signature=04141964b35ee0c0fee36e0a0ef83ce8037042bf
INFO: [ app_init ] --START--
INFO: Run Behavior\BuildLiteBehavior [ RunTime:0.000008s ]
INFO: [ app_init ] --END-- [ RunTime:0.000219s ]
INFO: [ app_begin ] --START--
INFO: Run Behavior\ReadHtmlCacheBehavior [ RunTime:0.000246s ]
INFO: [ app_begin ] --END-- [ RunTime:0.000280s ]
NOTIC: [8] Undefined index: echostr /home/red/test/weChat/weChat/Home/Controller/IndexController.class.php 第 18 行.
INFO: [ app_end ] --START--
INFO: Run Behavior\ShowPageTraceBehavior [ RunTime:0.000322s ]
INFO: [ app_end ] --END-- [ RunTime:0.000360s ]

[ 2016-10-17T10:52:09+08:00 ] 192.168.1.118 /?signature=3e6518f110f055f41e70759bc01f296b22fa567f&timestamp=1476672729&nonce=768749337&openid=ot9f5wg8CWeEKwujnX0uHi1HUXQU&encrypt_type=aes&msg_signature=92ba3296da93915d14adfe00def22745b9f80fd4
INFO: [ app_init ] --START--
INFO: Run Behavior\BuildLiteBehavior [ RunTime:0.000009s ]
INFO: [ app_init ] --END-- [ RunTime:0.000275s ]
INFO: [ app_begin ] --START--
INFO: Run Behavior\ReadHtmlCacheBehavior [ RunTime:0.000280s ]
INFO: [ app_begin ] --END-- [ RunTime:0.000303s ]
NOTIC: [8] Undefined index: echostr /home/red/test/weChat/weChat/Home/Controller/IndexController.class.php 第 18 行.
INFO: [ app_end ] --START--
INFO: Run Behavior\ShowPageTraceBehavior [ RunTime:0.005653s ]
INFO: [ app_end ] --END-- [ RunTime:0.005703s ]

[ 2016-10-17T10:52:43+08:00 ] 192.168.1.118 /?signature=0fed4bd978d559076d5310897d25f41558f7813a&timestamp=1476672762&nonce=405608058&openid=ot9f5wg8CWeEKwujnX0uHi1HUXQU&encrypt_type=aes&msg_signature=6f3ea7845383d6094413451b4903d4c3667dd44d
INFO: [ app_init ] --START--
INFO: Run Behavior\BuildLiteBehavior [ RunTime:0.000011s ]
INFO: [ app_init ] --END-- [ RunTime:0.008119s ]
INFO: [ app_begin ] --START--
INFO: Run Behavior\ReadHtmlCacheBehavior [ RunTime:0.004410s ]
INFO: [ app_begin ] --END-- [ RunTime:0.004455s ]
NOTIC: [8] Undefined index: echostr /home/red/test/weChat/weChat/Home/Controller/IndexController.class.php 第 18 行.
INFO: [ app_end ] --START--
INFO: Run Behavior\ShowPageTraceBehavior [ RunTime:0.000441s ]
INFO: [ app_end ] --END-- [ RunTime:0.000490s ]

[ 2016-10-17T10:53:01+08:00 ] 192.168.1.118 /
INFO: [ app_init ] --START--
INFO: Run Behavior\BuildLiteBehavior [ RunTime:0.000013s ]
INFO: [ app_init ] --END-- [ RunTime:0.001790s ]
INFO: [ app_begin ] --START--
INFO: Run Behavior\ReadHtmlCacheBehavior [ RunTime:0.000258s ]
INFO: [ app_begin ] --END-- [ RunTime:0.000282s ]
NOTIC: [8] Undefined index: signature /home/red/test/weChat/weChat/Home/Controller/IndexController.class.php 第 15 行.
NOTIC: [8] Undefined index: timestamp /home/red/test/weChat/weChat/Home/Controller/IndexController.class.php 第 16 行.
NOTIC: [8] Undefined index: nonce /home/red/test/weChat/weChat/Home/Controller/IndexController.class.php 第 17 行.
NOTIC: [8] Undefined index: echostr /home/red/test/weChat/weChat/Home/Controller/IndexController.class.php 第 18 行.
INFO: [ app_end ] --START--
INFO: Run Behavior\ShowPageTraceBehavior [ RunTime:0.000476s ]
INFO: [ app_end ] --END-- [ RunTime:0.000510s ]

[ 2016-10-17T10:53:13+08:00 ] 192.168.1.118 /
INFO: [ app_init ] --START--
INFO: Run Behavior\BuildLiteBehavior [ RunTime:0.000007s ]
INFO: [ app_init ] --END-- [ RunTime:0.000253s ]
INFO: [ app_begin ] --START--
INFO: Run Behavior\ReadHtmlCacheBehavior [ RunTime:0.000240s ]
INFO: [ app_begin ] --END-- [ RunTime:0.000263s ]
NOTIC: [8] Undefined index: signature /home/red/test/weChat/weChat/Home/Controller/IndexController.class.php 第 15 行.
NOTIC: [8] Undefined index: timestamp /home/red/test/weChat/weChat/Home/Controller/IndexController.class.php 第 16 行.
NOTIC: [8] Undefined index: nonce /home/red/test/weChat/weChat/Home/Controller/IndexController.class.php 第 17 行.
NOTIC: [8] Undefined index: echostr /home/red/test/weChat/weChat/Home/Controller/IndexController.class.php 第 18 行.
INFO: [ app_end ] --START--
INFO: Run Behavior\ShowPageTraceBehavior [ RunTime:0.005722s ]
INFO: [ app_end ] --END-- [ RunTime:0.005764s ]

[ 2016-10-17T10:57:38+08:00 ] 192.168.1.118 /?signature=7164d27ec9b2a300273abc2cfd9e460dbbff416d&timestamp=1476673058&nonce=775124511&openid=ot9f5wg8CWeEKwujnX0uHi1HUXQU&encrypt_type=aes&msg_signature=463ff72a5d2e72b23775751dd764dce603317a65
INFO: [ app_init ] --START--
INFO: Run Behavior\BuildLiteBehavior [ RunTime:0.000008s ]
INFO: [ app_init ] --END-- [ RunTime:0.000245s ]
INFO: [ app_begin ] --START--
INFO: Run Behavior\ReadHtmlCacheBehavior [ RunTime:0.000227s ]
INFO: [ app_begin ] --END-- [ RunTime:0.000251s ]
NOTIC: [8] Undefined index: echostr /home/red/test/weChat/weChat/Home/Controller/IndexController.class.php 第 18 行.
INFO: [ app_end ] --START--
INFO: Run Behavior\ShowPageTraceBehavior [ RunTime:0.000331s ]
INFO: [ app_end ] --END-- [ RunTime:0.000379s ]

[ 2016-10-17T11:00:37+08:00 ] 192.168.1.118 /?signature=2deaa0d9aac59a9d3fd443f7622703338dd099d6&timestamp=1476673237&nonce=1460562420&openid=ot9f5wg8CWeEKwujnX0uHi1HUXQU&encrypt_type=aes&msg_signature=ecc2103bc4689605fef5c0a64e14e96be96e381a
INFO: [ app_init ] --START--
INFO: Run Behavior\BuildLiteBehavior [ RunTime:0.000010s ]
INFO: [ app_init ] --END-- [ RunTime:0.000233s ]
INFO: [ app_begin ] --START--
INFO: Run Behavior\ReadHtmlCacheBehavior [ RunTime:0.000268s ]
INFO: [ app_begin ] --END-- [ RunTime:0.000303s ]
NOTIC: [8] Undefined index: echostr /home/red/test/weChat/weChat/Home/Controller/IndexController.class.php 第 18 行.
INFO: [ app_end ] --START--
INFO: Run Behavior\ShowPageTraceBehavior [ RunTime:0.000333s ]
INFO: [ app_end ] --END-- [ RunTime:0.000379s ]

[ 2016-10-17T11:02:28+08:00 ] 192.168.1.118 /?signature=01f6c7fd58133d729d5937a29492590082db750b&timestamp=1476673347&nonce=160750962&openid=ot9f5wg8CWeEKwujnX0uHi1HUXQU&encrypt_type=aes&msg_signature=42749e993265b415caa1bfb12d502bb93a4fcc2d
INFO: [ app_init ] --START--
INFO: Run Behavior\BuildLiteBehavior [ RunTime:0.000009s ]
INFO: [ app_init ] --END-- [ RunTime:0.000225s ]
INFO: [ app_begin ] --START--
INFO: Run Behavior\ReadHtmlCacheBehavior [ RunTime:0.000260s ]
INFO: [ app_begin ] --END-- [ RunTime:0.000286s ]
NOTIC: [8] Undefined index: echostr /home/red/test/weChat/weChat/Home/Controller/IndexController.class.php 第 18 行.
INFO: [ app_end ] --START--
INFO: Run Behavior\ShowPageTraceBehavior [ RunTime:0.000324s ]
INFO: [ app_end ] --END-- [ RunTime:0.000367s ]

[ 2016-10-17T11:04:37+08:00 ] 192.168.1.118 /?signature=b385afaa94fd433ef87b95a9ce0591351dd0bfec&timestamp=1476673477&nonce=536301157&openid=ot9f5wg8CWeEKwujnX0uHi1HUXQU&encrypt_type=aes&msg_signature=381430b87110c1a427e6b22ab0538902c3206116
INFO: [ app_init ] --START--
INFO: Run Behavior\BuildLiteBehavior [ RunTime:0.000011s ]
INFO: [ app_init ] --END-- [ RunTime:0.000204s ]
INFO: [ app_begin ] --START--
INFO: Run Behavior\ReadHtmlCacheBehavior [ RunTime:0.000236s ]
INFO: [ app_begin ] --END-- [ RunTime:0.000259s ]
NOTIC: [8] Undefined index: echostr /home/red/test/weChat/weChat/Home/Controller/IndexController.class.php 第 18 行.
INFO: [ app_end ] --START--
INFO: Run Behavior\ShowPageTraceBehavior [ RunTime:0.000280s ]
INFO: [ app_end ] --END-- [ RunTime:0.000331s ]

[ 2016-10-17T11:04:51+08:00 ] 192.168.1.118 /?signature=539c4ba5a16f0215142ef966eba88f5535a9207a&timestamp=1476673490&nonce=731062835&openid=ot9f5wg8CWeEKwujnX0uHi1HUXQU&encrypt_type=aes&msg_signature=0bd554feb47090548d4f2343f9e99a74c9cebe94
INFO: [ app_init ] --START--
INFO: Run Behavior\BuildLiteBehavior [ RunTime:0.000007s ]
INFO: [ app_init ] --END-- [ RunTime:0.000192s ]
INFO: [ app_begin ] --START--
INFO: Run Behavior\ReadHtmlCacheBehavior [ RunTime:0.000320s ]
INFO: [ app_begin ] --END-- [ RunTime:0.000344s ]
NOTIC: [8] Undefined index: echostr /home/red/test/weChat/weChat/Home/Controller/IndexController.class.php 第 18 行.
INFO: [ app_end ] --START--
INFO: Run Behavior\ShowPageTraceBehavior [ RunTime:0.000322s ]
INFO: [ app_end ] --END-- [ RunTime:0.000363s ]

[ 2016-10-17T11:06:00+08:00 ] 192.168.1.118 /?signature=2f9485d831bef99e00c0eba824835cc7e503acab&timestamp=1476673560&nonce=1771488568&openid=ot9f5wg8CWeEKwujnX0uHi1HUXQU&encrypt_type=aes&msg_signature=01c78c966cb461aa353ee7c70a19bccced42ced2
INFO: [ app_init ] --START--
INFO: Run Behavior\BuildLiteBehavior [ RunTime:0.000008s ]
INFO: [ app_init ] --END-- [ RunTime:0.000189s ]
INFO: [ app_begin ] --START--
INFO: Run Behavior\ReadHtmlCacheBehavior [ RunTime:0.000281s ]
INFO: [ app_begin ] --END-- [ RunTime:0.000317s ]
NOTIC: [8] Undefined index: echostr /home/red/test/weChat/weChat/Home/Controller/IndexController.class.php 第 18 行.
INFO: [ app_end ] --START--
INFO: Run Behavior\ShowPageTraceBehavior [ RunTime:0.000259s ]
INFO: [ app_end ] --END-- [ RunTime:0.000295s ]

[ 2016-10-17T11:07:35+08:00 ] 192.168.1.118 /?signature=598aa16b234305616decb1af9b84407359a32704&timestamp=1476673655&nonce=781906218&openid=ot9f5wg8CWeEKwujnX0uHi1HUXQU&encrypt_type=aes&msg_signature=a681b987c7d8f962e7a24e22f0c258dcfc57128d
INFO: [ app_init ] --START--
INFO: Run Behavior\BuildLiteBehavior [ RunTime:0.000020s ]
INFO: [ app_init ] --END-- [ RunTime:0.000244s ]
INFO: [ app_begin ] --START--
INFO: Run Behavior\ReadHtmlCacheBehavior [ RunTime:0.000223s ]
INFO: [ app_begin ] --END-- [ RunTime:0.000244s ]
NOTIC: [8] Undefined index: echostr /home/red/test/weChat/weChat/Home/Controller/IndexController.class.php 第 18 行.
INFO: [ app_end ] --START--
INFO: Run Behavior\ShowPageTraceBehavior [ RunTime:0.000277s ]
INFO: [ app_end ] --END-- [ RunTime:0.000317s ]

[ 2016-10-17T11:08:09+08:00 ] 192.168.1.118 /
INFO: [ app_init ] --START--
INFO: Run Behavior\BuildLiteBehavior [ RunTime:0.000008s ]
INFO: [ app_init ] --END-- [ RunTime:0.000207s ]
INFO: [ app_begin ] --START--
INFO: Run Behavior\ReadHtmlCacheBehavior [ RunTime:0.000390s ]
INFO: [ app_begin ] --END-- [ RunTime:0.000421s ]
NOTIC: [8] Undefined index: signature /home/red/test/weChat/weChat/Home/Controller/IndexController.class.php 第 15 行.
NOTIC: [8] Undefined index: timestamp /home/red/test/weChat/weChat/Home/Controller/IndexController.class.php 第 16 行.
NOTIC: [8] Undefined index: nonce /home/red/test/weChat/weChat/Home/Controller/IndexController.class.php 第 17 行.
NOTIC: [8] Undefined index: echostr /home/red/test/weChat/weChat/Home/Controller/IndexController.class.php 第 18 行.
INFO: [ app_end ] --START--
INFO: Run Behavior\ShowPageTraceBehavior [ RunTime:0.000815s ]
INFO: [ app_end ] --END-- [ RunTime:0.000862s ]

[ 2016-10-17T11:22:49+08:00 ] 192.168.1.118 /?signature=6843ff2c7ea5ba7665bc8be20cd8057b1d5c4ffa&timestamp=1476674568&nonce=1903128312&openid=ot9f5wg8CWeEKwujnX0uHi1HUXQU&encrypt_type=aes&msg_signature=497e68d08b0ac1daeded62c2fea795855778fe57
INFO: [ app_init ] --START--
INFO: Run Behavior\BuildLiteBehavior [ RunTime:0.000008s ]
INFO: [ app_init ] --END-- [ RunTime:0.000193s ]
INFO: [ app_begin ] --START--
INFO: Run Behavior\ReadHtmlCacheBehavior [ RunTime:0.000287s ]
INFO: [ app_begin ] --END-- [ RunTime:0.000309s ]
NOTIC: [8] Undefined index: echostr /home/red/test/weChat/weChat/Home/Controller/IndexController.class.php 第 18 行.
INFO: [ app_end ] --START--
INFO: Run Behavior\ShowPageTraceBehavior [ RunTime:0.000354s ]
INFO: [ app_end ] --END-- [ RunTime:0.000405s ]

[ 2016-10-17T11:22:51+08:00 ] 192.168.1.118 /?signature=9f19426e19d9ad336374f4f57985bf0bdf4ba702&timestamp=1476674571&nonce=2053955243&openid=ot9f5wg8CWeEKwujnX0uHi1HUXQU&encrypt_type=aes&msg_signature=20a79352283519b751bca9500092fd97a5b4e683
INFO: [ app_init ] --START--
INFO: Run Behavior\BuildLiteBehavior [ RunTime:0.000011s ]
INFO: [ app_init ] --END-- [ RunTime:0.000204s ]
INFO: [ app_begin ] --START--
INFO: Run Behavior\ReadHtmlCacheBehavior [ RunTime:0.000269s ]
INFO: [ app_begin ] --END-- [ RunTime:0.000293s ]
NOTIC: [8] Undefined index: echostr /home/red/test/weChat/weChat/Home/Controller/IndexController.class.php 第 18 行.
INFO: [ app_end ] --START--
INFO: Run Behavior\ShowPageTraceBehavior [ RunTime:0.000293s ]
INFO: [ app_end ] --END-- [ RunTime:0.000330s ]

[ 2016-10-17T11:23:06+08:00 ] 192.168.1.118 /
INFO: [ app_init ] --START--
INFO: Run Behavior\BuildLiteBehavior [ RunTime:0.000008s ]
INFO: [ app_init ] --END-- [ RunTime:0.000194s ]
INFO: [ app_begin ] --START--
INFO: Run Behavior\ReadHtmlCacheBehavior [ RunTime:0.000260s ]
INFO: [ app_begin ] --END-- [ RunTime:0.000291s ]
NOTIC: [8] Undefined index: signature /home/red/test/weChat/weChat/Home/Controller/IndexController.class.php 第 15 行.
NOTIC: [8] Undefined index: timestamp /home/red/test/weChat/weChat/Home/Controller/IndexController.class.php 第 16 行.
NOTIC: [8] Undefined index: nonce /home/red/test/weChat/weChat/Home/Controller/IndexController.class.php 第 17 行.
NOTIC: [8] Undefined index: echostr /home/red/test/weChat/weChat/Home/Controller/IndexController.class.php 第 18 行.
INFO: [ app_end ] --START--
INFO: Run Behavior\ShowPageTraceBehavior [ RunTime:0.000561s ]
INFO: [ app_end ] --END-- [ RunTime:0.000598s ]

[ 2016-10-17T11:23:19+08:00 ] 192.168.1.118 /
INFO: [ app_init ] --START--
INFO: Run Behavior\BuildLiteBehavior [ RunTime:0.000008s ]
INFO: [ app_init ] --END-- [ RunTime:0.000185s ]
INFO: [ app_begin ] --START--
INFO: Run Behavior\ReadHtmlCacheBehavior [ RunTime:0.000218s ]
INFO: [ app_begin ] --END-- [ RunTime:0.000238s ]
NOTIC: [8] Undefined index: signature /home/red/test/weChat/weChat/Home/Controller/IndexController.class.php 第 15 行.
NOTIC: [8] Undefined index: timestamp /home/red/test/weChat/weChat/Home/Controller/IndexController.class.php 第 16 行.
NOTIC: [8] Undefined index: nonce /home/red/test/weChat/weChat/Home/Controller/IndexController.class.php 第 17 行.
NOTIC: [8] Undefined index: echostr /home/red/test/weChat/weChat/Home/Controller/IndexController.class.php 第 18 行.
INFO: [ app_end ] --START--
INFO: Run Behavior\ShowPageTraceBehavior [ RunTime:0.000361s ]
INFO: [ app_end ] --END-- [ RunTime:0.000408s ]

[ 2016-10-17T11:26:35+08:00 ] 192.168.1.118 /?signature=0df611c0ee7ade2b32b3da151bd1212aaedb6d72&timestamp=1476674795&nonce=840004057&openid=ot9f5wg8CWeEKwujnX0uHi1HUXQU&encrypt_type=aes&msg_signature=efbd6d07a8464226bd7c85a911455aabb7cc1f11
INFO: [ app_init ] --START--
INFO: Run Behavior\BuildLiteBehavior [ RunTime:0.000007s ]
INFO: [ app_init ] --END-- [ RunTime:0.000194s ]
INFO: [ app_begin ] --START--
INFO: Run Behavior\ReadHtmlCacheBehavior [ RunTime:0.000229s ]
INFO: [ app_begin ] --END-- [ RunTime:0.000252s ]
NOTIC: [8] Undefined index: echostr /home/red/test/weChat/weChat/Home/Controller/IndexController.class.php 第 18 行.
INFO: [ app_end ] --START--
INFO: Run Behavior\ShowPageTraceBehavior [ RunTime:0.000273s ]
INFO: [ app_end ] --END-- [ RunTime:0.000307s ]

[ 2016-10-17T11:42:21+08:00 ] 192.168.1.118 /?signature=beb7cad13a681b611221951739155397b9ac8b81&timestamp=1476675741&nonce=1177673184&openid=o8SEYwhNzG-hPuEjw_kjxb9nZ1aA
INFO: [ app_init ] --START--
INFO: Run Behavior\BuildLiteBehavior [ RunTime:0.000011s ]
INFO: [ app_init ] --END-- [ RunTime:0.000219s ]
INFO: [ app_begin ] --START--
INFO: Run Behavior\ReadHtmlCacheBehavior [ RunTime:0.000326s ]
INFO: [ app_begin ] --END-- [ RunTime:0.000353s ]
NOTIC: [8] Undefined index: echostr /home/red/test/weChat/weChat/Home/Controller/IndexController.class.php 第 18 行.
INFO: [ app_end ] --START--
INFO: Run Behavior\ShowPageTraceBehavior [ RunTime:0.000276s ]
INFO: [ app_end ] --END-- [ RunTime:0.000314s ]

[ 2016-10-17T11:42:28+08:00 ] 192.168.1.118 /
INFO: [ app_init ] --START--
INFO: Run Behavior\BuildLiteBehavior [ RunTime:0.000011s ]
INFO: [ app_init ] --END-- [ RunTime:0.000262s ]
INFO: [ app_begin ] --START--
INFO: Run Behavior\ReadHtmlCacheBehavior [ RunTime:0.000276s ]
INFO: [ app_begin ] --END-- [ RunTime:0.000300s ]
NOTIC: [8] Undefined index: signature /home/red/test/weChat/weChat/Home/Controller/IndexController.class.php 第 15 行.
NOTIC: [8] Undefined index: timestamp /home/red/test/weChat/weChat/Home/Controller/IndexController.class.php 第 16 行.
NOTIC: [8] Undefined index: nonce /home/red/test/weChat/weChat/Home/Controller/IndexController.class.php 第 17 行.
NOTIC: [8] Undefined index: echostr /home/red/test/weChat/weChat/Home/Controller/IndexController.class.php 第 18 行.
INFO: [ app_end ] --START--
INFO: Run Behavior\ShowPageTraceBehavior [ RunTime:0.000409s ]
INFO: [ app_end ] --END-- [ RunTime:0.000456s ]

[ 2016-10-17T11:42:28+08:00 ] 192.168.1.118 /
INFO: [ app_init ] --START--
INFO: Run Behavior\BuildLiteBehavior [ RunTime:0.000008s ]
INFO: [ app_init ] --END-- [ RunTime:0.000194s ]
INFO: [ app_begin ] --START--
INFO: Run Behavior\ReadHtmlCacheBehavior [ RunTime:0.000229s ]
INFO: [ app_begin ] --END-- [ RunTime:0.000249s ]
NOTIC: [8] Undefined index: signature /home/red/test/weChat/weChat/Home/Controller/IndexController.class.php 第 15 行.
NOTIC: [8] Undefined index: timestamp /home/red/test/weChat/weChat/Home/Controller/IndexController.class.php 第 16 行.
NOTIC: [8] Undefined index: nonce /home/red/test/weChat/weChat/Home/Controller/IndexController.class.php 第 17 行.
NOTIC: [8] Undefined index: echostr /home/red/test/weChat/weChat/Home/Controller/IndexController.class.php 第 18 行.
INFO: [ app_end ] --START--
INFO: Run Behavior\ShowPageTraceBehavior [ RunTime:0.000491s ]
INFO: [ app_end ] --END-- [ RunTime:0.000522s ]

[ 2016-10-17T12:00:17+08:00 ] 192.168.1.118 /?signature=2ffa8deb5422352b5b17c6314c4c3b671906527c&timestamp=1476676817&nonce=781056332&openid=ot9f5wqrhnSkf64BU3hc13s0WN5I&encrypt_type=aes&msg_signature=a705e96be1d8eace4dd8096b5d9a410610298084
INFO: [ app_init ] --START--
INFO: Run Behavior\BuildLiteBehavior [ RunTime:0.000009s ]
INFO: [ app_init ] --END-- [ RunTime:0.000260s ]
INFO: [ app_begin ] --START--
INFO: Run Behavior\ReadHtmlCacheBehavior [ RunTime:0.000239s ]
INFO: [ app_begin ] --END-- [ RunTime:0.000271s ]
NOTIC: [8] Undefined index: echostr /home/red/test/weChat/weChat/Home/Controller/IndexController.class.php 第 18 行.
INFO: [ app_end ] --START--
INFO: Run Behavior\ShowPageTraceBehavior [ RunTime:0.010701s ]
INFO: [ app_end ] --END-- [ RunTime:0.010746s ]

[ 2016-10-17T12:00:25+08:00 ] 192.168.1.118 /?signature=656dfd50ec317bbff5a5425ca3c08b6053ffbf9d&timestamp=1476676824&nonce=1131735540&openid=ot9f5wqrhnSkf64BU3hc13s0WN5I&encrypt_type=aes&msg_signature=b1ac33bc26c683f9959ea40a0ee6c28d61b11e30
INFO: [ app_init ] --START--
INFO: Run Behavior\BuildLiteBehavior [ RunTime:0.000007s ]
INFO: [ app_init ] --END-- [ RunTime:0.000178s ]
INFO: [ app_begin ] --START--
INFO: Run Behavior\ReadHtmlCacheBehavior [ RunTime:0.000269s ]
INFO: [ app_begin ] --END-- [ RunTime:0.000291s ]
NOTIC: [8] Undefined index: echostr /home/red/test/weChat/weChat/Home/Controller/IndexController.class.php 第 18 行.
INFO: [ app_end ] --START--
INFO: Run Behavior\ShowPageTraceBehavior [ RunTime:0.000257s ]
INFO: [ app_end ] --END-- [ RunTime:0.000292s ]

[ 2016-10-17T12:07:11+08:00 ] 192.168.1.118 /?signature=7e317c23ca4bf151b0f722b80137a4c3a40794eb&timestamp=1476677231&nonce=1966794557&openid=ot9f5wg8CWeEKwujnX0uHi1HUXQU&encrypt_type=aes&msg_signature=e9d5724ef65314f78a1bbdacf373052ee0404ab1
INFO: [ app_init ] --START--
INFO: Run Behavior\BuildLiteBehavior [ RunTime:0.000007s ]
INFO: [ app_init ] --END-- [ RunTime:0.000192s ]
INFO: [ app_begin ] --START--
INFO: Run Behavior\ReadHtmlCacheBehavior [ RunTime:0.000215s ]
INFO: [ app_begin ] --END-- [ RunTime:0.000236s ]
NOTIC: [8] Undefined index: echostr /home/red/test/weChat/weChat/Home/Controller/IndexController.class.php 第 18 行.
INFO: [ app_end ] --START--
INFO: Run Behavior\ShowPageTraceBehavior [ RunTime:0.000255s ]
INFO: [ app_end ] --END-- [ RunTime:0.000292s ]

[ 2016-10-17T12:07:16+08:00 ] 192.168.1.118 /?signature=67734e84e2d4631c556857d1cc420808a5fe0bd4&timestamp=1476677236&nonce=1481705249&openid=ot9f5wg8CWeEKwujnX0uHi1HUXQU&encrypt_type=aes&msg_signature=fb3ecc4e9ea1184958ee73f84ffa9b410a10765b
INFO: [ app_init ] --START--
INFO: Run Behavior\BuildLiteBehavior [ RunTime:0.000010s ]
INFO: [ app_init ] --END-- [ RunTime:0.000270s ]
INFO: [ app_begin ] --START--
INFO: Run Behavior\ReadHtmlCacheBehavior [ RunTime:0.000242s ]
INFO: [ app_begin ] --END-- [ RunTime:0.000268s ]
NOTIC: [8] Undefined index: echostr /home/red/test/weChat/weChat/Home/Controller/IndexController.class.php 第 18 行.
INFO: [ app_end ] --START--
INFO: Run Behavior\ShowPageTraceBehavior [ RunTime:0.000292s ]
INFO: [ app_end ] --END-- [ RunTime:0.000361s ]

[ 2016-10-17T12:07:21+08:00 ] 192.168.1.118 /
INFO: [ app_init ] --START--
INFO: Run Behavior\BuildLiteBehavior [ RunTime:0.000008s ]
INFO: [ app_init ] --END-- [ RunTime:0.000249s ]
INFO: [ app_begin ] --START--
INFO: Run Behavior\ReadHtmlCacheBehavior [ RunTime:0.000222s ]
INFO: [ app_begin ] --END-- [ RunTime:0.000242s ]
NOTIC: [8] Undefined index: signature /home/red/test/weChat/weChat/Home/Controller/IndexController.class.php 第 15 行.
NOTIC: [8] Undefined index: timestamp /home/red/test/weChat/weChat/Home/Controller/IndexController.class.php 第 16 行.
NOTIC: [8] Undefined index: nonce /home/red/test/weChat/weChat/Home/Controller/IndexController.class.php 第 17 行.
NOTIC: [8] Undefined index: echostr /home/red/test/weChat/weChat/Home/Controller/IndexController.class.php 第 18 行.
INFO: [ app_end ] --START--
INFO: Run Behavior\ShowPageTraceBehavior [ RunTime:0.000350s ]
INFO: [ app_end ] --END-- [ RunTime:0.000405s ]

[ 2016-10-17T12:07:21+08:00 ] 192.168.1.118 /
INFO: [ app_init ] --START--
INFO: Run Behavior\BuildLiteBehavior [ RunTime:0.000011s ]
INFO: [ app_init ] --END-- [ RunTime:0.000229s ]
INFO: [ app_begin ] --START--
INFO: Run Behavior\ReadHtmlCacheBehavior [ RunTime:0.000251s ]
INFO: [ app_begin ] --END-- [ RunTime:0.000273s ]
NOTIC: [8] Undefined index: signature /home/red/test/weChat/weChat/Home/Controller/IndexController.class.php 第 15 行.
NOTIC: [8] Undefined index: timestamp /home/red/test/weChat/weChat/Home/Controller/IndexController.class.php 第 16 行.
NOTIC: [8] Undefined index: nonce /home/red/test/weChat/weChat/Home/Controller/IndexController.class.php 第 17 行.
NOTIC: [8] Undefined index: echostr /home/red/test/weChat/weChat/Home/Controller/IndexController.class.php 第 18 行.
INFO: [ app_end ] --START--
INFO: Run Behavior\ShowPageTraceBehavior [ RunTime:0.000520s ]
INFO: [ app_end ] --END-- [ RunTime:0.000561s ]

[ 2016-10-17T12:40:48+08:00 ] 192.168.1.118 /
INFO: [ app_init ] --START--
INFO: Run Behavior\BuildLiteBehavior [ RunTime:0.000010s ]
INFO: [ app_init ] --END-- [ RunTime:0.000271s ]
INFO: [ app_begin ] --START--
INFO: Run Behavior\ReadHtmlCacheBehavior [ RunTime:0.000370s ]
INFO: [ app_begin ] --END-- [ RunTime:0.000549s ]
NOTIC: [8] Undefined index: signature /home/red/test/weChat/weChat/Home/Controller/IndexController.class.php 第 15 行.
NOTIC: [8] Undefined index: timestamp /home/red/test/weChat/weChat/Home/Controller/IndexController.class.php 第 16 行.
NOTIC: [8] Undefined index: nonce /home/red/test/weChat/weChat/Home/Controller/IndexController.class.php 第 17 行.
NOTIC: [8] Undefined index: echostr /home/red/test/weChat/weChat/Home/Controller/IndexController.class.php 第 18 行.
INFO: [ app_end ] --START--
INFO: Run Behavior\ShowPageTraceBehavior [ RunTime:0.000404s ]
INFO: [ app_end ] --END-- [ RunTime:0.000445s ]

[ 2016-10-17T12:40:48+08:00 ] 192.168.1.118 /
INFO: [ app_init ] --START--
INFO: Run Behavior\BuildLiteBehavior [ RunTime:0.000010s ]
INFO: [ app_init ] --END-- [ RunTime:0.000269s ]
INFO: [ app_begin ] --START--
INFO: Run Behavior\ReadHtmlCacheBehavior [ RunTime:0.000402s ]
INFO: [ app_begin ] --END-- [ RunTime:0.000483s ]
NOTIC: [8] Undefined index: signature /home/red/test/weChat/weChat/Home/Controller/IndexController.class.php 第 15 行.
NOTIC: [8] Undefined index: timestamp /home/red/test/weChat/weChat/Home/Controller/IndexController.class.php 第 16 行.
NOTIC: [8] Undefined index: nonce /home/red/test/weChat/weChat/Home/Controller/IndexController.class.php 第 17 行.
NOTIC: [8] Undefined index: echostr /home/red/test/weChat/weChat/Home/Controller/IndexController.class.php 第 18 行.
INFO: [ app_end ] --START--
INFO: Run Behavior\ShowPageTraceBehavior [ RunTime:0.000500s ]
INFO: [ app_end ] --END-- [ RunTime:0.000553s ]

[ 2016-10-17T12:55:59+08:00 ] 192.168.1.118 /
INFO: [ app_init ] --START--
INFO: Run Behavior\BuildLiteBehavior [ RunTime:0.000008s ]
INFO: [ app_init ] --END-- [ RunTime:0.000274s ]
INFO: [ app_begin ] --START--
INFO: Run Behavior\ReadHtmlCacheBehavior [ RunTime:0.000234s ]
INFO: [ app_begin ] --END-- [ RunTime:0.000257s ]
NOTIC: [8] Undefined index: signature /home/red/test/weChat/weChat/Home/Controller/IndexController.class.php 第 15 行.
NOTIC: [8] Undefined index: timestamp /home/red/test/weChat/weChat/Home/Controller/IndexController.class.php 第 16 行.
NOTIC: [8] Undefined index: nonce /home/red/test/weChat/weChat/Home/Controller/IndexController.class.php 第 17 行.
NOTIC: [8] Undefined index: echostr /home/red/test/weChat/weChat/Home/Controller/IndexController.class.php 第 18 行.
INFO: [ app_end ] --START--
INFO: Run Behavior\ShowPageTraceBehavior [ RunTime:0.000322s ]
INFO: [ app_end ] --END-- [ RunTime:0.000402s ]

[ 2016-10-17T12:56:10+08:00 ] 192.168.1.118 /
INFO: [ app_init ] --START--
INFO: Run Behavior\BuildLiteBehavior [ RunTime:0.000010s ]
INFO: [ app_init ] --END-- [ RunTime:0.000309s ]
INFO: [ app_begin ] --START--
INFO: Run Behavior\ReadHtmlCacheBehavior [ RunTime:0.000335s ]
INFO: [ app_begin ] --END-- [ RunTime:0.000371s ]
NOTIC: [8] Undefined index: signature /home/red/test/weChat/weChat/Home/Controller/IndexController.class.php 第 15 行.
NOTIC: [8] Undefined index: timestamp /home/red/test/weChat/weChat/Home/Controller/IndexController.class.php 第 16 行.
NOTIC: [8] Undefined index: nonce /home/red/test/weChat/weChat/Home/Controller/IndexController.class.php 第 17 行.
NOTIC: [8] Undefined index: echostr /home/red/test/weChat/weChat/Home/Controller/IndexController.class.php 第 18 行.
INFO: [ app_end ] --START--
INFO: Run Behavior\ShowPageTraceBehavior [ RunTime:0.001614s ]
INFO: [ app_end ] --END-- [ RunTime:0.001735s ]

[ 2016-10-17T13:17:49+08:00 ] 192.168.1.118 /
INFO: [ app_init ] --START--
INFO: Run Behavior\BuildLiteBehavior [ RunTime:0.000009s ]
INFO: [ app_init ] --END-- [ RunTime:0.000247s ]
INFO: [ app_begin ] --START--
INFO: Run Behavior\ReadHtmlCacheBehavior [ RunTime:0.000332s ]
INFO: [ app_begin ] --END-- [ RunTime:0.000358s ]
NOTIC: [8] Undefined index: signature /home/red/test/weChat/weChat/Home/Controller/IndexController.class.php 第 15 行.
NOTIC: [8] Undefined index: timestamp /home/red/test/weChat/weChat/Home/Controller/IndexController.class.php 第 16 行.
NOTIC: [8] Undefined index: nonce /home/red/test/weChat/weChat/Home/Controller/IndexController.class.php 第 17 行.
NOTIC: [8] Undefined index: echostr /home/red/test/weChat/weChat/Home/Controller/IndexController.class.php 第 18 行.
INFO: [ app_end ] --START--
INFO: Run Behavior\ShowPageTraceBehavior [ RunTime:0.000863s ]
INFO: [ app_end ] --END-- [ RunTime:0.001005s ]

[ 2016-10-17T13:18:00+08:00 ] 192.168.1.118 /
INFO: [ app_init ] --START--
INFO: Run Behavior\BuildLiteBehavior [ RunTime:0.000008s ]
INFO: [ app_init ] --END-- [ RunTime:0.000224s ]
INFO: [ app_begin ] --START--
INFO: Run Behavior\ReadHtmlCacheBehavior [ RunTime:0.000269s ]
INFO: [ app_begin ] --END-- [ RunTime:0.000292s ]
NOTIC: [8] Undefined index: signature /home/red/test/weChat/weChat/Home/Controller/IndexController.class.php 第 15 行.
NOTIC: [8] Undefined index: timestamp /home/red/test/weChat/weChat/Home/Controller/IndexController.class.php 第 16 行.
NOTIC: [8] Undefined index: nonce /home/red/test/weChat/weChat/Home/Controller/IndexController.class.php 第 17 行.
NOTIC: [8] Undefined index: echostr /home/red/test/weChat/weChat/Home/Controller/IndexController.class.php 第 18 行.
INFO: [ app_end ] --START--
INFO: Run Behavior\ShowPageTraceBehavior [ RunTime:0.000466s ]
INFO: [ app_end ] --END-- [ RunTime:0.000500s ]

[ 2016-10-17T13:34:41+08:00 ] 192.168.1.118 /
INFO: [ app_init ] --START--
INFO: Run Behavior\BuildLiteBehavior [ RunTime:0.000009s ]
INFO: [ app_init ] --END-- [ RunTime:0.000284s ]
INFO: [ app_begin ] --START--
INFO: Run Behavior\ReadHtmlCacheBehavior [ RunTime:0.000344s ]
INFO: [ app_begin ] --END-- [ RunTime:0.000370s ]
NOTIC: [8] Undefined index: signature /home/red/test/weChat/weChat/Home/Controller/IndexController.class.php 第 15 行.
NOTIC: [8] Undefined index: timestamp /home/red/test/weChat/weChat/Home/Controller/IndexController.class.php 第 16 行.
NOTIC: [8] Undefined index: nonce /home/red/test/weChat/weChat/Home/Controller/IndexController.class.php 第 17 行.
NOTIC: [8] Undefined index: echostr /home/red/test/weChat/weChat/Home/Controller/IndexController.class.php 第 18 行.
INFO: [ app_end ] --START--
INFO: Run Behavior\ShowPageTraceBehavior [ RunTime:0.000631s ]
INFO: [ app_end ] --END-- [ RunTime:0.000677s ]

[ 2016-10-17T13:34:41+08:00 ] 192.168.1.118 /
INFO: [ app_init ] --START--
INFO: Run Behavior\BuildLiteBehavior [ RunTime:0.000008s ]
INFO: [ app_init ] --END-- [ RunTime:0.000190s ]
INFO: [ app_begin ] --START--
INFO: Run Behavior\ReadHtmlCacheBehavior [ RunTime:0.000278s ]
INFO: [ app_begin ] --END-- [ RunTime:0.000302s ]
NOTIC: [8] Undefined index: signature /home/red/test/weChat/weChat/Home/Controller/IndexController.class.php 第 15 行.
NOTIC: [8] Undefined index: timestamp /home/red/test/weChat/weChat/Home/Controller/IndexController.class.php 第 16 行.
NOTIC: [8] Undefined index: nonce /home/red/test/weChat/weChat/Home/Controller/IndexController.class.php 第 17 行.
NOTIC: [8] Undefined index: echostr /home/red/test/weChat/weChat/Home/Controller/IndexController.class.php 第 18 行.
INFO: [ app_end ] --START--
INFO: Run Behavior\ShowPageTraceBehavior [ RunTime:0.000334s ]
INFO: [ app_end ] --END-- [ RunTime:0.000386s ]

[ 2016-10-17T13:49:08+08:00 ] 192.168.1.26 /
INFO: [ app_init ] --START--
INFO: Run Behavior\BuildLiteBehavior [ RunTime:0.000015s ]
INFO: [ app_init ] --END-- [ RunTime:0.000309s ]
INFO: [ app_begin ] --START--
INFO: Run Behavior\ReadHtmlCacheBehavior [ RunTime:0.001390s ]
INFO: [ app_begin ] --END-- [ RunTime:0.001433s ]
NOTIC: [8] Undefined index: signature /home/red/test/weChat/weChat/Home/Controller/IndexController.class.php 第 15 行.
NOTIC: [8] Undefined index: timestamp /home/red/test/weChat/weChat/Home/Controller/IndexController.class.php 第 16 行.
NOTIC: [8] Undefined index: nonce /home/red/test/weChat/weChat/Home/Controller/IndexController.class.php 第 17 行.
NOTIC: [8] Undefined index: echostr /home/red/test/weChat/weChat/Home/Controller/IndexController.class.php 第 18 行.
INFO: [ app_end ] --START--
INFO: Run Behavior\ShowPageTraceBehavior [ RunTime:0.000378s ]
INFO: [ app_end ] --END-- [ RunTime:0.000418s ]

[ 2016-10-17T13:52:42+08:00 ] 192.168.1.118 /?signature=7d46fdcd3c76ae4e50de4c5e81ea36ff5d63bda7&timestamp=1476683562&nonce=1234989535&openid=o8SEYwhNzG-hPuEjw_kjxb9nZ1aA
INFO: [ app_init ] --START--
INFO: Run Behavior\BuildLiteBehavior [ RunTime:0.000008s ]
INFO: [ app_init ] --END-- [ RunTime:0.010367s ]
INFO: [ app_begin ] --START--
INFO: Run Behavior\ReadHtmlCacheBehavior [ RunTime:0.000299s ]
INFO: [ app_begin ] --END-- [ RunTime:0.000325s ]
NOTIC: [8] Undefined index: echostr /home/red/test/weChat/weChat/Home/Controller/IndexController.class.php 第 18 行.
INFO: [ app_end ] --START--
INFO: Run Behavior\ShowPageTraceBehavior [ RunTime:0.000306s ]
INFO: [ app_end ] --END-- [ RunTime:0.000346s ]

[ 2016-10-17T13:52:58+08:00 ] 192.168.1.118 /?signature=dc7e0f7f450fbfcb7c95090c4264edf6e415928a&timestamp=1476683578&nonce=1874777455&openid=o8SEYwhNzG-hPuEjw_kjxb9nZ1aA
INFO: [ app_init ] --START--
INFO: Run Behavior\BuildLiteBehavior [ RunTime:0.000008s ]
INFO: [ app_init ] --END-- [ RunTime:0.000193s ]
INFO: [ app_begin ] --START--
INFO: Run Behavior\ReadHtmlCacheBehavior [ RunTime:0.000249s ]
INFO: [ app_begin ] --END-- [ RunTime:0.000279s ]
NOTIC: [8] Undefined index: echostr /home/red/test/weChat/weChat/Home/Controller/IndexController.class.php 第 18 行.
INFO: [ app_end ] --START--
INFO: Run Behavior\ShowPageTraceBehavior [ RunTime:0.000295s ]
INFO: [ app_end ] --END-- [ RunTime:0.000328s ]

[ 2016-10-17T13:53:03+08:00 ] 192.168.1.118 /
INFO: [ app_init ] --START--
INFO: Run Behavior\BuildLiteBehavior [ RunTime:0.000007s ]
INFO: [ app_init ] --END-- [ RunTime:0.000187s ]
INFO: [ app_begin ] --START--
INFO: Run Behavior\ReadHtmlCacheBehavior [ RunTime:0.000230s ]
INFO: [ app_begin ] --END-- [ RunTime:0.000252s ]
NOTIC: [8] Undefined index: signature /home/red/test/weChat/weChat/Home/Controller/IndexController.class.php 第 15 行.
NOTIC: [8] Undefined index: timestamp /home/red/test/weChat/weChat/Home/Controller/IndexController.class.php 第 16 行.
NOTIC: [8] Undefined index: nonce /home/red/test/weChat/weChat/Home/Controller/IndexController.class.php 第 17 行.
NOTIC: [8] Undefined index: echostr /home/red/test/weChat/weChat/Home/Controller/IndexController.class.php 第 18 行.
INFO: [ app_end ] --START--
INFO: Run Behavior\ShowPageTraceBehavior [ RunTime:0.000283s ]
INFO: [ app_end ] --END-- [ RunTime:0.000315s ]

[ 2016-10-17T13:53:04+08:00 ] 192.168.1.118 /
INFO: [ app_init ] --START--
INFO: Run Behavior\BuildLiteBehavior [ RunTime:0.000008s ]
INFO: [ app_init ] --END-- [ RunTime:0.000220s ]
INFO: [ app_begin ] --START--
INFO: Run Behavior\ReadHtmlCacheBehavior [ RunTime:0.000675s ]
INFO: [ app_begin ] --END-- [ RunTime:0.000715s ]
NOTIC: [8] Undefined index: signature /home/red/test/weChat/weChat/Home/Controller/IndexController.class.php 第 15 行.
NOTIC: [8] Undefined index: timestamp /home/red/test/weChat/weChat/Home/Controller/IndexController.class.php 第 16 行.
NOTIC: [8] Undefined index: nonce /home/red/test/weChat/weChat/Home/Controller/IndexController.class.php 第 17 行.
NOTIC: [8] Undefined index: echostr /home/red/test/weChat/weChat/Home/Controller/IndexController.class.php 第 18 行.
INFO: [ app_end ] --START--
INFO: Run Behavior\ShowPageTraceBehavior [ RunTime:0.000861s ]
INFO: [ app_end ] --END-- [ RunTime:0.000905s ]

[ 2016-10-17T14:10:13+08:00 ] 192.168.1.118 /?signature=22b49e8967f66aa367d91b37b1a32ac67af710d5&timestamp=1476684613&nonce=1156462679&openid=ot9f5wg8CWeEKwujnX0uHi1HUXQU&encrypt_type=aes&msg_signature=2652e098810b29e022672fa8f9a54e89f7789f86
INFO: [ app_init ] --START--
INFO: Run Behavior\BuildLiteBehavior [ RunTime:0.000008s ]
INFO: [ app_init ] --END-- [ RunTime:0.000190s ]
INFO: [ app_begin ] --START--
INFO: Run Behavior\ReadHtmlCacheBehavior [ RunTime:0.000254s ]
INFO: [ app_begin ] --END-- [ RunTime:0.000277s ]
NOTIC: [8] Undefined index: echostr /home/red/test/weChat/weChat/Home/Controller/IndexController.class.php 第 18 行.
INFO: [ app_end ] --START--
INFO: Run Behavior\ShowPageTraceBehavior [ RunTime:0.000266s ]
INFO: [ app_end ] --END-- [ RunTime:0.000301s ]

[ 2016-10-17T14:27:41+08:00 ] 192.168.1.118 /?signature=dba6a064aedaf82f1855df7eacce2920d2045b95&timestamp=1476685660&nonce=1012199386&openid=ot9f5wg8CWeEKwujnX0uHi1HUXQU&encrypt_type=aes&msg_signature=b6e56ed4bbe6da9acdd374a8e1b53adf5b0d1b75
INFO: [ app_init ] --START--
INFO: Run Behavior\BuildLiteBehavior [ RunTime:0.000009s ]
INFO: [ app_init ] --END-- [ RunTime:0.000257s ]
INFO: [ app_begin ] --START--
INFO: Run Behavior\ReadHtmlCacheBehavior [ RunTime:0.000261s ]
INFO: [ app_begin ] --END-- [ RunTime:0.000284s ]
NOTIC: [8] Undefined index: echostr /home/red/test/weChat/weChat/Home/Controller/IndexController.class.php 第 18 行.
INFO: [ app_end ] --START--
INFO: Run Behavior\ShowPageTraceBehavior [ RunTime:0.000430s ]
INFO: [ app_end ] --END-- [ RunTime:0.000467s ]

[ 2016-10-17T14:27:44+08:00 ] 192.168.1.118 /
INFO: [ app_init ] --START--
INFO: Run Behavior\BuildLiteBehavior [ RunTime:0.000009s ]
INFO: [ app_init ] --END-- [ RunTime:0.000230s ]
INFO: [ app_begin ] --START--
INFO: Run Behavior\ReadHtmlCacheBehavior [ RunTime:0.000301s ]
INFO: [ app_begin ] --END-- [ RunTime:0.000322s ]
NOTIC: [8] Undefined index: signature /home/red/test/weChat/weChat/Home/Controller/IndexController.class.php 第 15 行.
NOTIC: [8] Undefined index: timestamp /home/red/test/weChat/weChat/Home/Controller/IndexController.class.php 第 16 行.
NOTIC: [8] Undefined index: nonce /home/red/test/weChat/weChat/Home/Controller/IndexController.class.php 第 17 行.
NOTIC: [8] Undefined index: echostr /home/red/test/weChat/weChat/Home/Controller/IndexController.class.php 第 18 行.
INFO: [ app_end ] --START--
INFO: Run Behavior\ShowPageTraceBehavior [ RunTime:0.079998s ]
INFO: [ app_end ] --END-- [ RunTime:0.080048s ]

[ 2016-10-17T14:27:54+08:00 ] 192.168.1.118 /
INFO: [ app_init ] --START--
INFO: Run Behavior\BuildLiteBehavior [ RunTime:0.000008s ]
INFO: [ app_init ] --END-- [ RunTime:0.000243s ]
INFO: [ app_begin ] --START--
INFO: Run Behavior\ReadHtmlCacheBehavior [ RunTime:0.000302s ]
INFO: [ app_begin ] --END-- [ RunTime:0.000324s ]
NOTIC: [8] Undefined index: signature /home/red/test/weChat/weChat/Home/Controller/IndexController.class.php 第 15 行.
NOTIC: [8] Undefined index: timestamp /home/red/test/weChat/weChat/Home/Controller/IndexController.class.php 第 16 行.
NOTIC: [8] Undefined index: nonce /home/red/test/weChat/weChat/Home/Controller/IndexController.class.php 第 17 行.
NOTIC: [8] Undefined index: echostr /home/red/test/weChat/weChat/Home/Controller/IndexController.class.php 第 18 行.
INFO: [ app_end ] --START--
INFO: Run Behavior\ShowPageTraceBehavior [ RunTime:0.000520s ]
INFO: [ app_end ] --END-- [ RunTime:0.000565s ]

[ 2016-10-17T14:28:01+08:00 ] 192.168.1.118 /?signature=af454e66dd1df8551f46c2a0984c74e016ad6469&timestamp=1476685681&nonce=2010508207&openid=ot9f5wg8CWeEKwujnX0uHi1HUXQU&encrypt_type=aes&msg_signature=4e3a0d2cd23db15d993a992b51804f3e801343b8
INFO: [ app_init ] --START--
INFO: Run Behavior\BuildLiteBehavior [ RunTime:0.000007s ]
INFO: [ app_init ] --END-- [ RunTime:0.000187s ]
INFO: [ app_begin ] --START--
INFO: Run Behavior\ReadHtmlCacheBehavior [ RunTime:0.000253s ]
INFO: [ app_begin ] --END-- [ RunTime:0.000282s ]
NOTIC: [8] Undefined index: echostr /home/red/test/weChat/weChat/Home/Controller/IndexController.class.php 第 18 行.
INFO: [ app_end ] --START--
INFO: Run Behavior\ShowPageTraceBehavior [ RunTime:0.000420s ]
INFO: [ app_end ] --END-- [ RunTime:0.000456s ]

[ 2016-10-17T14:28:43+08:00 ] 192.168.1.118 /?signature=e48cbb10af6354ef91e74cb46d86a7014743bd30&timestamp=1476685723&nonce=1936164575&openid=ot9f5wg8CWeEKwujnX0uHi1HUXQU&encrypt_type=aes&msg_signature=9e4c75f99449e259b5c70c3d364c9b465b142eea
INFO: [ app_init ] --START--
INFO: Run Behavior\BuildLiteBehavior [ RunTime:0.000008s ]
INFO: [ app_init ] --END-- [ RunTime:0.000217s ]
INFO: [ app_begin ] --START--
INFO: Run Behavior\ReadHtmlCacheBehavior [ RunTime:0.000217s ]
INFO: [ app_begin ] --END-- [ RunTime:0.000237s ]
NOTIC: [8] Undefined index: echostr /home/red/test/weChat/weChat/Home/Controller/IndexController.class.php 第 18 行.
INFO: [ app_end ] --START--
INFO: Run Behavior\ShowPageTraceBehavior [ RunTime:0.000307s ]
INFO: [ app_end ] --END-- [ RunTime:0.000377s ]

[ 2016-10-17T14:39:43+08:00 ] 192.168.1.118 /
INFO: [ app_init ] --START--
INFO: Run Behavior\BuildLiteBehavior [ RunTime:0.000011s ]
INFO: [ app_init ] --END-- [ RunTime:0.000292s ]
INFO: [ app_begin ] --START--
INFO: Run Behavior\ReadHtmlCacheBehavior [ RunTime:0.000292s ]
INFO: [ app_begin ] --END-- [ RunTime:0.000323s ]
NOTIC: [8] Undefined index: signature /home/red/test/weChat/weChat/Home/Controller/IndexController.class.php 第 15 行.
NOTIC: [8] Undefined index: timestamp /home/red/test/weChat/weChat/Home/Controller/IndexController.class.php 第 16 行.
NOTIC: [8] Undefined index: nonce /home/red/test/weChat/weChat/Home/Controller/IndexController.class.php 第 17 行.
NOTIC: [8] Undefined index: echostr /home/red/test/weChat/weChat/Home/Controller/IndexController.class.php 第 18 行.
INFO: [ app_end ] --START--
INFO: Run Behavior\ShowPageTraceBehavior [ RunTime:0.000383s ]
INFO: [ app_end ] --END-- [ RunTime:0.000436s ]

[ 2016-10-17T14:39:43+08:00 ] 192.168.1.118 /
INFO: [ app_init ] --START--
INFO: Run Behavior\BuildLiteBehavior [ RunTime:0.000009s ]
INFO: [ app_init ] --END-- [ RunTime:0.000232s ]
INFO: [ app_begin ] --START--
INFO: Run Behavior\ReadHtmlCacheBehavior [ RunTime:0.000219s ]
INFO: [ app_begin ] --END-- [ RunTime:0.000240s ]
NOTIC: [8] Undefined index: signature /home/red/test/weChat/weChat/Home/Controller/IndexController.class.php 第 15 行.
NOTIC: [8] Undefined index: timestamp /home/red/test/weChat/weChat/Home/Controller/IndexController.class.php 第 16 行.
NOTIC: [8] Undefined index: nonce /home/red/test/weChat/weChat/Home/Controller/IndexController.class.php 第 17 行.
NOTIC: [8] Undefined index: echostr /home/red/test/weChat/weChat/Home/Controller/IndexController.class.php 第 18 行.
INFO: [ app_end ] --START--
INFO: Run Behavior\ShowPageTraceBehavior [ RunTime:0.000506s ]
INFO: [ app_end ] --END-- [ RunTime:0.000552s ]

[ 2016-10-17T14:42:50+08:00 ] 192.168.1.118 /
INFO: [ app_init ] --START--
INFO: Run Behavior\BuildLiteBehavior [ RunTime:0.000007s ]
INFO: [ app_init ] --END-- [ RunTime:0.000194s ]
INFO: [ app_begin ] --START--
INFO: Run Behavior\ReadHtmlCacheBehavior [ RunTime:0.000230s ]
INFO: [ app_begin ] --END-- [ RunTime:0.000250s ]
NOTIC: [8] Undefined index: signature /home/red/test/weChat/weChat/Home/Controller/IndexController.class.php 第 15 行.
NOTIC: [8] Undefined index: timestamp /home/red/test/weChat/weChat/Home/Controller/IndexController.class.php 第 16 行.
NOTIC: [8] Undefined index: nonce /home/red/test/weChat/weChat/Home/Controller/IndexController.class.php 第 17 行.
NOTIC: [8] Undefined index: echostr /home/red/test/weChat/weChat/Home/Controller/IndexController.class.php 第 18 行.
INFO: [ app_end ] --START--
INFO: Run Behavior\ShowPageTraceBehavior [ RunTime:0.000454s ]
INFO: [ app_end ] --END-- [ RunTime:0.000496s ]

[ 2016-10-17T14:45:42+08:00 ] 192.168.1.118 /
INFO: [ app_init ] --START--
INFO: Run Behavior\BuildLiteBehavior [ RunTime:0.000011s ]
INFO: [ app_init ] --END-- [ RunTime:0.000222s ]
INFO: [ app_begin ] --START--
INFO: Run Behavior\ReadHtmlCacheBehavior [ RunTime:0.000273s ]
INFO: [ app_begin ] --END-- [ RunTime:0.000296s ]
NOTIC: [8] Undefined index: signature /home/red/test/weChat/weChat/Home/Controller/IndexController.class.php 第 15 行.
NOTIC: [8] Undefined index: timestamp /home/red/test/weChat/weChat/Home/Controller/IndexController.class.php 第 16 行.
NOTIC: [8] Undefined index: nonce /home/red/test/weChat/weChat/Home/Controller/IndexController.class.php 第 17 行.
NOTIC: [8] Undefined index: echostr /home/red/test/weChat/weChat/Home/Controller/IndexController.class.php 第 18 行.
INFO: [ app_end ] --START--
INFO: Run Behavior\ShowPageTraceBehavior [ RunTime:0.000431s ]
INFO: [ app_end ] --END-- [ RunTime:0.000480s ]

[ 2016-10-17T14:58:37+08:00 ] 192.168.1.118 /
INFO: [ app_init ] --START--
INFO: Run Behavior\BuildLiteBehavior [ RunTime:0.000008s ]
INFO: [ app_init ] --END-- [ RunTime:0.000216s ]
INFO: [ app_begin ] --START--
INFO: Run Behavior\ReadHtmlCacheBehavior [ RunTime:0.001222s ]
INFO: [ app_begin ] --END-- [ RunTime:0.001266s ]
NOTIC: [8] Undefined index: signature /home/red/test/weChat/weChat/Home/Controller/IndexController.class.php 第 15 行.
NOTIC: [8] Undefined index: timestamp /home/red/test/weChat/weChat/Home/Controller/IndexController.class.php 第 16 行.
NOTIC: [8] Undefined index: nonce /home/red/test/weChat/weChat/Home/Controller/IndexController.class.php 第 17 行.
NOTIC: [8] Undefined index: echostr /home/red/test/weChat/weChat/Home/Controller/IndexController.class.php 第 18 行.
INFO: [ app_end ] --START--
INFO: Run Behavior\ShowPageTraceBehavior [ RunTime:0.001582s ]
INFO: [ app_end ] --END-- [ RunTime:0.001644s ]

[ 2016-10-17T16:21:19+08:00 ] ::1 /
INFO: [ app_init ] --START--
INFO: Run Behavior\BuildLiteBehavior [ RunTime:0.000015s ]
INFO: [ app_init ] --END-- [ RunTime:0.001126s ]
INFO: [ app_begin ] --START--
INFO: Run Behavior\ReadHtmlCacheBehavior [ RunTime:0.000942s ]
INFO: [ app_begin ] --END-- [ RunTime:0.001030s ]
NOTIC: [8] Undefined index: signature /home/red/test/weChat/weChat/Home/Controller/IndexController.class.php 第 15 行.
NOTIC: [8] Undefined index: timestamp /home/red/test/weChat/weChat/Home/Controller/IndexController.class.php 第 16 行.
NOTIC: [8] Undefined index: nonce /home/red/test/weChat/weChat/Home/Controller/IndexController.class.php 第 17 行.
NOTIC: [8] Undefined index: echostr /home/red/test/weChat/weChat/Home/Controller/IndexController.class.php 第 18 行.
NOTIC: [8] Undefined property: stdClass::$expire_time /home/red/test/weChat/weChat/Home/Controller/IndexController.class.php 第 112 行.
INFO: [ app_end ] --START--
INFO: Run Behavior\ShowPageTraceBehavior [ RunTime:0.005705s ]
INFO: [ app_end ] --END-- [ RunTime:0.006015s ]

[ 2016-10-17T16:59:21+08:00 ] ::1 /
INFO: [ app_init ] --START--
INFO: Run Behavior\BuildLiteBehavior [ RunTime:0.000014s ]
INFO: [ app_init ] --END-- [ RunTime:0.020040s ]
INFO: [ app_begin ] --START--
INFO: Run Behavior\ReadHtmlCacheBehavior [ RunTime:0.001357s ]
INFO: [ app_begin ] --END-- [ RunTime:0.001435s ]
ERR: syntax error, unexpected ')'

[ 2016-10-17T16:59:44+08:00 ] ::1 /
INFO: [ app_init ] --START--
INFO: Run Behavior\BuildLiteBehavior [ RunTime:0.000026s ]
INFO: [ app_init ] --END-- [ RunTime:0.002220s ]
INFO: [ app_begin ] --START--
INFO: Run Behavior\ReadHtmlCacheBehavior [ RunTime:0.000745s ]
INFO: [ app_begin ] --END-- [ RunTime:0.000942s ]
NOTIC: [8] Undefined index: signature /home/red/test/weChat/weChat/Home/Controller/IndexController.class.php 第 15 行.
NOTIC: [8] Undefined index: timestamp /home/red/test/weChat/weChat/Home/Controller/IndexController.class.php 第 16 行.
NOTIC: [8] Undefined index: nonce /home/red/test/weChat/weChat/Home/Controller/IndexController.class.php 第 17 行.
NOTIC: [8] Undefined index: echostr /home/red/test/weChat/weChat/Home/Controller/IndexController.class.php 第 18 行.

[ 2016-10-17T17:00:00+08:00 ] ::1 /
INFO: [ app_init ] --START--
INFO: Run Behavior\BuildLiteBehavior [ RunTime:0.000019s ]
INFO: [ app_init ] --END-- [ RunTime:0.000375s ]
INFO: [ app_begin ] --START--
INFO: Run Behavior\ReadHtmlCacheBehavior [ RunTime:0.009067s ]
INFO: [ app_begin ] --END-- [ RunTime:0.009536s ]
NOTIC: [8] Undefined index: signature /home/red/test/weChat/weChat/Home/Controller/IndexController.class.php 第 15 行.
NOTIC: [8] Undefined index: timestamp /home/red/test/weChat/weChat/Home/Controller/IndexController.class.php 第 16 行.
NOTIC: [8] Undefined index: nonce /home/red/test/weChat/weChat/Home/Controller/IndexController.class.php 第 17 行.
NOTIC: [8] Undefined index: echostr /home/red/test/weChat/weChat/Home/Controller/IndexController.class.php 第 18 行.

[ 2016-10-17T17:13:53+08:00 ] ::1 /
INFO: [ app_init ] --START--
INFO: Run Behavior\BuildLiteBehavior [ RunTime:0.000016s ]
INFO: [ app_init ] --END-- [ RunTime:0.001339s ]
INFO: [ app_begin ] --START--
INFO: Run Behavior\ReadHtmlCacheBehavior [ RunTime:0.005686s ]
INFO: [ app_begin ] --END-- [ RunTime:0.005822s ]
NOTIC: [8] Undefined index: signature /home/red/test/weChat/weChat/Home/Controller/IndexController.class.php 第 15 行.
NOTIC: [8] Undefined index: timestamp /home/red/test/weChat/weChat/Home/Controller/IndexController.class.php 第 16 行.
NOTIC: [8] Undefined index: nonce /home/red/test/weChat/weChat/Home/Controller/IndexController.class.php 第 17 行.
NOTIC: [8] Undefined index: echostr /home/red/test/weChat/weChat/Home/Controller/IndexController.class.php 第 18 行.
NOTIC: [2] curl_setopt(): Disabling safe uploads is no longer supported /home/red/test/weChat/weChat/Home/Controller/IndexController.class.php 第 133 行.
INFO: [ app_end ] --START--
INFO: Run Behavior\ShowPageTraceBehavior [ RunTime:0.039710s ]
INFO: [ app_end ] --END-- [ RunTime:0.039830s ]

[ 2016-10-17T17:20:24+08:00 ] ::1 /
INFO: [ app_init ] --START--
INFO: Run Behavior\BuildLiteBehavior [ RunTime:0.000110s ]
INFO: [ app_init ] --END-- [ RunTime:0.002485s ]
INFO: [ app_begin ] --START--
INFO: Run Behavior\ReadHtmlCacheBehavior [ RunTime:0.003599s ]
INFO: [ app_begin ] --END-- [ RunTime:0.003658s ]
NOTIC: [8] Undefined index: signature /home/red/test/weChat/weChat/Home/Controller/IndexController.class.php 第 15 行.
NOTIC: [8] Undefined index: timestamp /home/red/test/weChat/weChat/Home/Controller/IndexController.class.php 第 16 行.
NOTIC: [8] Undefined index: nonce /home/red/test/weChat/weChat/Home/Controller/IndexController.class.php 第 17 行.
NOTIC: [8] Undefined index: echostr /home/red/test/weChat/weChat/Home/Controller/IndexController.class.php 第 18 行.
NOTIC: [2] curl_setopt(): Disabling safe uploads is no longer supported /home/red/test/weChat/weChat/Home/Controller/IndexController.class.php 第 133 行.
INFO: [ app_end ] --START--
INFO: Run Behavior\ShowPageTraceBehavior [ RunTime:0.003443s ]
INFO: [ app_end ] --END-- [ RunTime:0.003678s ]

