[ 2016-10-16T00:23:09+08:00 ] 127.0.0.1 /
INFO: [ app_init ] --START--
INFO: Run Behavior\BuildLiteBehavior [ RunTime:0.000011s ]
INFO: [ app_init ] --END-- [ RunTime:0.000328s ]
INFO: [ app_begin ] --START--
INFO: Run Behavior\ReadHtmlCacheBehavior [ RunTime:0.000390s ]
INFO: [ app_begin ] --END-- [ RunTime:0.000430s ]
NOTIC: [8] Undefined index: signature /home/red/test/weChat/weChat/Home/Controller/IndexController.class.php 第 8 行.
NOTIC: [8] Undefined index: timestamp /home/red/test/weChat/weChat/Home/Controller/IndexController.class.php 第 9 行.
NOTIC: [8] Undefined index: nonce /home/red/test/weChat/weChat/Home/Controller/IndexController.class.php 第 10 行.
NOTIC: [8] Undefined index: echostr /home/red/test/weChat/weChat/Home/Controller/IndexController.class.php 第 11 行.
INFO: [ app_end ] --START--
INFO: Run Behavior\ShowPageTraceBehavior [ RunTime:0.000566s ]
INFO: [ app_end ] --END-- [ RunTime:0.000623s ]

[ 2016-10-16T10:06:32+08:00 ] 192.168.99.8 /
INFO: [ app_init ] --START--
INFO: Run Behavior\BuildLiteBehavior [ RunTime:0.000051s ]
INFO: [ app_init ] --END-- [ RunTime:0.007875s ]
INFO: [ app_begin ] --START--
INFO: Run Behavior\ReadHtmlCacheBehavior [ RunTime:0.001142s ]
INFO: [ app_begin ] --END-- [ RunTime:0.001209s ]
NOTIC: [8] Undefined index: signature /home/red/test/weChat/weChat/Home/Controller/IndexController.class.php 第 8 行.
NOTIC: [8] Undefined index: timestamp /home/red/test/weChat/weChat/Home/Controller/IndexController.class.php 第 9 行.
NOTIC: [8] Undefined index: nonce /home/red/test/weChat/weChat/Home/Controller/IndexController.class.php 第 10 行.
NOTIC: [8] Undefined index: echostr /home/red/test/weChat/weChat/Home/Controller/IndexController.class.php 第 11 行.
INFO: [ app_end ] --START--
INFO: Run Behavior\ShowPageTraceBehavior [ RunTime:0.001857s ]
INFO: [ app_end ] --END-- [ RunTime:0.001951s ]

[ 2016-10-16T10:09:06+08:00 ] 192.168.99.8 /?signature=3fb81b7dfa8d3a608b96b8979e3318e309ece326&timestamp=1476583746&nonce=1405893282&openid=ot9f5wg8CWeEKwujnX0uHi1HUXQU&encrypt_type=aes&msg_signature=dc653de248af4eb1c942e1d8439e02c89aa2e186
INFO: [ app_init ] --START--
INFO: Run Behavior\BuildLiteBehavior [ RunTime:0.000009s ]
INFO: [ app_init ] --END-- [ RunTime:0.000253s ]
INFO: [ app_begin ] --START--
INFO: Run Behavior\ReadHtmlCacheBehavior [ RunTime:0.000234s ]
INFO: [ app_begin ] --END-- [ RunTime:0.000256s ]
NOTIC: [8] Undefined index: echostr /home/red/test/weChat/weChat/Home/Controller/IndexController.class.php 第 11 行.
INFO: [ app_end ] --START--
INFO: Run Behavior\ShowPageTraceBehavior [ RunTime:0.000412s ]
INFO: [ app_end ] --END-- [ RunTime:0.000489s ]

[ 2016-10-16T10:09:11+08:00 ] 192.168.99.8 /?signature=88ae7f944d583b99be4d81b8046f274af54b15a6&timestamp=1476583751&nonce=741433808&openid=ot9f5wg8CWeEKwujnX0uHi1HUXQU&encrypt_type=aes&msg_signature=b7afe8ee62cc1eb47dcd95bec19fe25db6ea850e
INFO: [ app_init ] --START--
INFO: Run Behavior\BuildLiteBehavior [ RunTime:0.000008s ]
INFO: [ app_init ] --END-- [ RunTime:0.000256s ]
INFO: [ app_begin ] --START--
INFO: Run Behavior\ReadHtmlCacheBehavior [ RunTime:0.000230s ]
INFO: [ app_begin ] --END-- [ RunTime:0.000251s ]
NOTIC: [8] Undefined index: echostr /home/red/test/weChat/weChat/Home/Controller/IndexController.class.php 第 11 行.
INFO: [ app_end ] --START--
INFO: Run Behavior\ShowPageTraceBehavior [ RunTime:0.000431s ]
INFO: [ app_end ] --END-- [ RunTime:0.000468s ]

[ 2016-10-16T10:09:21+08:00 ] 192.168.99.8 /?signature=8a5d615dce1007e3093ae15a1c40c6748ecb0288&timestamp=1476583756&nonce=2061230907&openid=ot9f5wg8CWeEKwujnX0uHi1HUXQU&encrypt_type=aes&msg_signature=4cc1efa174843d9c379850f5aef6f9fad04d1972
INFO: [ app_init ] --START--
INFO: Run Behavior\BuildLiteBehavior [ RunTime:0.000009s ]
INFO: [ app_init ] --END-- [ RunTime:0.000223s ]
INFO: [ app_begin ] --START--
INFO: Run Behavior\ReadHtmlCacheBehavior [ RunTime:0.000272s ]
INFO: [ app_begin ] --END-- [ RunTime:0.000295s ]
NOTIC: [8] Undefined index: echostr /home/red/test/weChat/weChat/Home/Controller/IndexController.class.php 第 11 行.
NOTIC: [2] date() expects parameter 2 to be integer, object given /home/red/test/weChat/weChat/Home/Controller/IndexController.class.php 第 71 行.
INFO: [ app_end ] --START--
INFO: Run Behavior\ShowPageTraceBehavior [ RunTime:0.000419s ]
INFO: [ app_end ] --END-- [ RunTime:0.000451s ]

[ 2016-10-16T10:09:25+08:00 ] 192.168.99.8 /?signature=8a5d615dce1007e3093ae15a1c40c6748ecb0288&timestamp=1476583756&nonce=2061230907&openid=ot9f5wg8CWeEKwujnX0uHi1HUXQU&encrypt_type=aes&msg_signature=4cc1efa174843d9c379850f5aef6f9fad04d1972
INFO: [ app_init ] --START--
INFO: Run Behavior\BuildLiteBehavior [ RunTime:0.000009s ]
INFO: [ app_init ] --END-- [ RunTime:0.000211s ]
INFO: [ app_begin ] --START--
INFO: Run Behavior\ReadHtmlCacheBehavior [ RunTime:0.000301s ]
INFO: [ app_begin ] --END-- [ RunTime:0.000333s ]
NOTIC: [8] Undefined index: echostr /home/red/test/weChat/weChat/Home/Controller/IndexController.class.php 第 11 行.
NOTIC: [2] date() expects parameter 2 to be integer, object given /home/red/test/weChat/weChat/Home/Controller/IndexController.class.php 第 71 行.
INFO: [ app_end ] --START--
INFO: Run Behavior\ShowPageTraceBehavior [ RunTime:0.000309s ]
INFO: [ app_end ] --END-- [ RunTime:0.000338s ]

[ 2016-10-16T11:10:40+08:00 ] ::1 /
INFO: [ app_init ] --START--
INFO: Run Behavior\BuildLiteBehavior [ RunTime:0.000150s ]
INFO: [ app_init ] --END-- [ RunTime:0.000689s ]
INFO: [ app_begin ] --START--
INFO: Run Behavior\ReadHtmlCacheBehavior [ RunTime:0.000430s ]
INFO: [ app_begin ] --END-- [ RunTime:0.000486s ]
NOTIC: [8] Undefined index: signature /home/red/test/weChat/weChat/Home/Controller/IndexController.class.php 第 10 行.
NOTIC: [8] Undefined index: timestamp /home/red/test/weChat/weChat/Home/Controller/IndexController.class.php 第 11 行.
NOTIC: [8] Undefined index: nonce /home/red/test/weChat/weChat/Home/Controller/IndexController.class.php 第 12 行.
NOTIC: [8] Undefined index: echostr /home/red/test/weChat/weChat/Home/Controller/IndexController.class.php 第 13 行.
INFO: [ app_end ] --START--
INFO: Run Behavior\ShowPageTraceBehavior [ RunTime:0.000615s ]
INFO: [ app_end ] --END-- [ RunTime:0.000726s ]

[ 2016-10-16T11:11:01+08:00 ] 192.168.99.8 /?signature=30715ca985bf144b8de08d15bdc7fe829e3f1dfc&timestamp=1476587455&nonce=1420041658&openid=ot9f5wg8CWeEKwujnX0uHi1HUXQU&encrypt_type=aes&msg_signature=3fbc41faabf81309210083c2b303c4dc7834c3a7
INFO: [ app_init ] --START--
INFO: Run Behavior\BuildLiteBehavior [ RunTime:0.000007s ]
INFO: [ app_init ] --END-- [ RunTime:0.000202s ]
INFO: [ app_begin ] --START--
INFO: Run Behavior\ReadHtmlCacheBehavior [ RunTime:0.000231s ]
INFO: [ app_begin ] --END-- [ RunTime:0.000253s ]
NOTIC: [8] Undefined index: echostr /home/red/test/weChat/weChat/Home/Controller/IndexController.class.php 第 13 行.
ERR: 无法加载数据库驱动: Think\Db\Driver\

[ 2016-10-16T11:11:05+08:00 ] 192.168.99.8 /?signature=30715ca985bf144b8de08d15bdc7fe829e3f1dfc&timestamp=1476587455&nonce=1420041658&openid=ot9f5wg8CWeEKwujnX0uHi1HUXQU&encrypt_type=aes&msg_signature=3fbc41faabf81309210083c2b303c4dc7834c3a7
INFO: [ app_init ] --START--
INFO: Run Behavior\BuildLiteBehavior [ RunTime:0.000007s ]
INFO: [ app_init ] --END-- [ RunTime:0.000198s ]
INFO: [ app_begin ] --START--
INFO: Run Behavior\ReadHtmlCacheBehavior [ RunTime:0.000285s ]
INFO: [ app_begin ] --END-- [ RunTime:0.000308s ]
NOTIC: [8] Undefined index: echostr /home/red/test/weChat/weChat/Home/Controller/IndexController.class.php 第 13 行.
ERR: 无法加载数据库驱动: Think\Db\Driver\

[ 2016-10-16T11:14:46+08:00 ] 192.168.99.8 /
INFO: [ app_init ] --START--
INFO: Run Behavior\BuildLiteBehavior [ RunTime:0.000019s ]
INFO: [ app_init ] --END-- [ RunTime:0.000474s ]
INFO: [ app_begin ] --START--
INFO: Run Behavior\ReadHtmlCacheBehavior [ RunTime:0.000467s ]
INFO: [ app_begin ] --END-- [ RunTime:0.000518s ]
NOTIC: [8] Undefined index: signature /home/red/test/weChat/weChat/Home/Controller/IndexController.class.php 第 10 行.
NOTIC: [8] Undefined index: timestamp /home/red/test/weChat/weChat/Home/Controller/IndexController.class.php 第 11 行.
NOTIC: [8] Undefined index: nonce /home/red/test/weChat/weChat/Home/Controller/IndexController.class.php 第 12 行.
NOTIC: [8] Undefined index: echostr /home/red/test/weChat/weChat/Home/Controller/IndexController.class.php 第 13 行.
ERR: 无法加载数据库驱动: Think\Db\Driver\

[ 2016-10-16T11:15:07+08:00 ] 192.168.99.8 /
INFO: [ app_init ] --START--
INFO: Run Behavior\BuildLiteBehavior [ RunTime:0.000020s ]
INFO: [ app_init ] --END-- [ RunTime:0.000288s ]
INFO: [ app_begin ] --START--
INFO: Run Behavior\ReadHtmlCacheBehavior [ RunTime:0.000256s ]
INFO: [ app_begin ] --END-- [ RunTime:0.000289s ]
NOTIC: [8] Undefined index: signature /home/red/test/weChat/weChat/Home/Controller/IndexController.class.php 第 10 行.
NOTIC: [8] Undefined index: timestamp /home/red/test/weChat/weChat/Home/Controller/IndexController.class.php 第 11 行.
NOTIC: [8] Undefined index: nonce /home/red/test/weChat/weChat/Home/Controller/IndexController.class.php 第 12 行.
NOTIC: [8] Undefined index: echostr /home/red/test/weChat/weChat/Home/Controller/IndexController.class.php 第 13 行.

[ 2016-10-16T11:15:19+08:00 ] 192.168.99.8 /
INFO: [ app_init ] --START--
INFO: Run Behavior\BuildLiteBehavior [ RunTime:0.000039s ]
INFO: [ app_init ] --END-- [ RunTime:0.000450s ]
INFO: [ app_begin ] --START--
INFO: Run Behavior\ReadHtmlCacheBehavior [ RunTime:0.001383s ]
INFO: [ app_begin ] --END-- [ RunTime:0.001469s ]
NOTIC: [8] Undefined index: signature /home/red/test/weChat/weChat/Home/Controller/IndexController.class.php 第 10 行.
NOTIC: [8] Undefined index: timestamp /home/red/test/weChat/weChat/Home/Controller/IndexController.class.php 第 11 行.
NOTIC: [8] Undefined index: nonce /home/red/test/weChat/weChat/Home/Controller/IndexController.class.php 第 12 行.
NOTIC: [8] Undefined index: echostr /home/red/test/weChat/weChat/Home/Controller/IndexController.class.php 第 13 行.

[ 2016-10-16T11:15:51+08:00 ] 192.168.99.8 /
INFO: [ app_init ] --START--
INFO: Run Behavior\BuildLiteBehavior [ RunTime:0.000015s ]
INFO: [ app_init ] --END-- [ RunTime:0.000290s ]
INFO: [ app_begin ] --START--
INFO: Run Behavior\ReadHtmlCacheBehavior [ RunTime:0.000364s ]
INFO: [ app_begin ] --END-- [ RunTime:0.000415s ]
NOTIC: [8] Undefined index: signature /home/red/test/weChat/weChat/Home/Controller/IndexController.class.php 第 10 行.
NOTIC: [8] Undefined index: timestamp /home/red/test/weChat/weChat/Home/Controller/IndexController.class.php 第 11 行.
NOTIC: [8] Undefined index: nonce /home/red/test/weChat/weChat/Home/Controller/IndexController.class.php 第 12 行.
NOTIC: [8] Undefined index: echostr /home/red/test/weChat/weChat/Home/Controller/IndexController.class.php 第 13 行.

[ 2016-10-16T11:16:10+08:00 ] ::1 /
INFO: [ app_init ] --START--
INFO: Run Behavior\BuildLiteBehavior [ RunTime:0.000017s ]
INFO: [ app_init ] --END-- [ RunTime:0.000323s ]
INFO: [ app_begin ] --START--
INFO: Run Behavior\ReadHtmlCacheBehavior [ RunTime:0.000679s ]
INFO: [ app_begin ] --END-- [ RunTime:0.001325s ]
NOTIC: [8] Undefined index: signature /home/red/test/weChat/weChat/Home/Controller/IndexController.class.php 第 10 行.
NOTIC: [8] Undefined index: timestamp /home/red/test/weChat/weChat/Home/Controller/IndexController.class.php 第 11 行.
NOTIC: [8] Undefined index: nonce /home/red/test/weChat/weChat/Home/Controller/IndexController.class.php 第 12 行.
NOTIC: [8] Undefined index: echostr /home/red/test/weChat/weChat/Home/Controller/IndexController.class.php 第 13 行.

[ 2016-10-16T11:16:10+08:00 ] ::1 /
INFO: [ app_init ] --START--
INFO: Run Behavior\BuildLiteBehavior [ RunTime:0.000012s ]
INFO: [ app_init ] --END-- [ RunTime:0.000310s ]
INFO: [ app_begin ] --START--
INFO: Run Behavior\ReadHtmlCacheBehavior [ RunTime:0.000407s ]
INFO: [ app_begin ] --END-- [ RunTime:0.000443s ]
NOTIC: [8] Undefined index: signature /home/red/test/weChat/weChat/Home/Controller/IndexController.class.php 第 10 行.
NOTIC: [8] Undefined index: timestamp /home/red/test/weChat/weChat/Home/Controller/IndexController.class.php 第 11 行.
NOTIC: [8] Undefined index: nonce /home/red/test/weChat/weChat/Home/Controller/IndexController.class.php 第 12 行.
NOTIC: [8] Undefined index: echostr /home/red/test/weChat/weChat/Home/Controller/IndexController.class.php 第 13 行.

[ 2016-10-16T11:16:11+08:00 ] ::1 /
INFO: [ app_init ] --START--
INFO: Run Behavior\BuildLiteBehavior [ RunTime:0.000013s ]
INFO: [ app_init ] --END-- [ RunTime:0.000313s ]
INFO: [ app_begin ] --START--
INFO: Run Behavior\ReadHtmlCacheBehavior [ RunTime:0.000866s ]
INFO: [ app_begin ] --END-- [ RunTime:0.000928s ]
NOTIC: [8] Undefined index: signature /home/red/test/weChat/weChat/Home/Controller/IndexController.class.php 第 10 行.
NOTIC: [8] Undefined index: timestamp /home/red/test/weChat/weChat/Home/Controller/IndexController.class.php 第 11 行.
NOTIC: [8] Undefined index: nonce /home/red/test/weChat/weChat/Home/Controller/IndexController.class.php 第 12 行.
NOTIC: [8] Undefined index: echostr /home/red/test/weChat/weChat/Home/Controller/IndexController.class.php 第 13 行.

[ 2016-10-16T11:16:11+08:00 ] ::1 /
INFO: [ app_init ] --START--
INFO: Run Behavior\BuildLiteBehavior [ RunTime:0.000017s ]
INFO: [ app_init ] --END-- [ RunTime:0.000365s ]
INFO: [ app_begin ] --START--
INFO: Run Behavior\ReadHtmlCacheBehavior [ RunTime:0.000386s ]
INFO: [ app_begin ] --END-- [ RunTime:0.000448s ]
NOTIC: [8] Undefined index: signature /home/red/test/weChat/weChat/Home/Controller/IndexController.class.php 第 10 行.
NOTIC: [8] Undefined index: timestamp /home/red/test/weChat/weChat/Home/Controller/IndexController.class.php 第 11 行.
NOTIC: [8] Undefined index: nonce /home/red/test/weChat/weChat/Home/Controller/IndexController.class.php 第 12 行.
NOTIC: [8] Undefined index: echostr /home/red/test/weChat/weChat/Home/Controller/IndexController.class.php 第 13 行.

[ 2016-10-16T11:16:11+08:00 ] ::1 /
INFO: [ app_init ] --START--
INFO: Run Behavior\BuildLiteBehavior [ RunTime:0.000016s ]
INFO: [ app_init ] --END-- [ RunTime:0.000357s ]
INFO: [ app_begin ] --START--
INFO: Run Behavior\ReadHtmlCacheBehavior [ RunTime:0.000456s ]
INFO: [ app_begin ] --END-- [ RunTime:0.000512s ]
NOTIC: [8] Undefined index: signature /home/red/test/weChat/weChat/Home/Controller/IndexController.class.php 第 10 行.
NOTIC: [8] Undefined index: timestamp /home/red/test/weChat/weChat/Home/Controller/IndexController.class.php 第 11 行.
NOTIC: [8] Undefined index: nonce /home/red/test/weChat/weChat/Home/Controller/IndexController.class.php 第 12 行.
NOTIC: [8] Undefined index: echostr /home/red/test/weChat/weChat/Home/Controller/IndexController.class.php 第 13 行.

[ 2016-10-16T11:16:26+08:00 ] ::1 /
INFO: [ app_init ] --START--
INFO: Run Behavior\BuildLiteBehavior [ RunTime:0.000013s ]
INFO: [ app_init ] --END-- [ RunTime:0.000314s ]
INFO: [ app_begin ] --START--
INFO: Run Behavior\ReadHtmlCacheBehavior [ RunTime:0.000470s ]
INFO: [ app_begin ] --END-- [ RunTime:0.000530s ]
NOTIC: [8] Undefined index: signature /home/red/test/weChat/weChat/Home/Controller/IndexController.class.php 第 10 行.
NOTIC: [8] Undefined index: timestamp /home/red/test/weChat/weChat/Home/Controller/IndexController.class.php 第 11 行.
NOTIC: [8] Undefined index: nonce /home/red/test/weChat/weChat/Home/Controller/IndexController.class.php 第 12 行.
NOTIC: [8] Undefined index: echostr /home/red/test/weChat/weChat/Home/Controller/IndexController.class.php 第 13 行.

[ 2016-10-16T11:16:26+08:00 ] ::1 /
INFO: [ app_init ] --START--
INFO: Run Behavior\BuildLiteBehavior [ RunTime:0.000008s ]
INFO: [ app_init ] --END-- [ RunTime:0.000199s ]
INFO: [ app_begin ] --START--
INFO: Run Behavior\ReadHtmlCacheBehavior [ RunTime:0.000252s ]
INFO: [ app_begin ] --END-- [ RunTime:0.000273s ]
NOTIC: [8] Undefined index: signature /home/red/test/weChat/weChat/Home/Controller/IndexController.class.php 第 10 行.
NOTIC: [8] Undefined index: timestamp /home/red/test/weChat/weChat/Home/Controller/IndexController.class.php 第 11 行.
NOTIC: [8] Undefined index: nonce /home/red/test/weChat/weChat/Home/Controller/IndexController.class.php 第 12 行.
NOTIC: [8] Undefined index: echostr /home/red/test/weChat/weChat/Home/Controller/IndexController.class.php 第 13 行.

[ 2016-10-16T11:16:26+08:00 ] ::1 /
INFO: [ app_init ] --START--
INFO: Run Behavior\BuildLiteBehavior [ RunTime:0.000013s ]
INFO: [ app_init ] --END-- [ RunTime:0.000401s ]
INFO: [ app_begin ] --START--
INFO: Run Behavior\ReadHtmlCacheBehavior [ RunTime:0.000411s ]
INFO: [ app_begin ] --END-- [ RunTime:0.000459s ]
NOTIC: [8] Undefined index: signature /home/red/test/weChat/weChat/Home/Controller/IndexController.class.php 第 10 行.
NOTIC: [8] Undefined index: timestamp /home/red/test/weChat/weChat/Home/Controller/IndexController.class.php 第 11 行.
NOTIC: [8] Undefined index: nonce /home/red/test/weChat/weChat/Home/Controller/IndexController.class.php 第 12 行.
NOTIC: [8] Undefined index: echostr /home/red/test/weChat/weChat/Home/Controller/IndexController.class.php 第 13 行.

[ 2016-10-16T11:16:27+08:00 ] ::1 /
INFO: [ app_init ] --START--
INFO: Run Behavior\BuildLiteBehavior [ RunTime:0.000016s ]
INFO: [ app_init ] --END-- [ RunTime:0.000305s ]
INFO: [ app_begin ] --START--
INFO: Run Behavior\ReadHtmlCacheBehavior [ RunTime:0.000295s ]
INFO: [ app_begin ] --END-- [ RunTime:0.000331s ]
NOTIC: [8] Undefined index: signature /home/red/test/weChat/weChat/Home/Controller/IndexController.class.php 第 10 行.
NOTIC: [8] Undefined index: timestamp /home/red/test/weChat/weChat/Home/Controller/IndexController.class.php 第 11 行.
NOTIC: [8] Undefined index: nonce /home/red/test/weChat/weChat/Home/Controller/IndexController.class.php 第 12 行.
NOTIC: [8] Undefined index: echostr /home/red/test/weChat/weChat/Home/Controller/IndexController.class.php 第 13 行.

[ 2016-10-16T11:16:27+08:00 ] ::1 /
INFO: [ app_init ] --START--
INFO: Run Behavior\BuildLiteBehavior [ RunTime:0.000019s ]
INFO: [ app_init ] --END-- [ RunTime:0.001140s ]
INFO: [ app_begin ] --START--
INFO: Run Behavior\ReadHtmlCacheBehavior [ RunTime:0.000368s ]
INFO: [ app_begin ] --END-- [ RunTime:0.000421s ]
NOTIC: [8] Undefined index: signature /home/red/test/weChat/weChat/Home/Controller/IndexController.class.php 第 10 行.
NOTIC: [8] Undefined index: timestamp /home/red/test/weChat/weChat/Home/Controller/IndexController.class.php 第 11 行.
NOTIC: [8] Undefined index: nonce /home/red/test/weChat/weChat/Home/Controller/IndexController.class.php 第 12 行.
NOTIC: [8] Undefined index: echostr /home/red/test/weChat/weChat/Home/Controller/IndexController.class.php 第 13 行.

[ 2016-10-16T11:16:27+08:00 ] ::1 /
INFO: [ app_init ] --START--
INFO: Run Behavior\BuildLiteBehavior [ RunTime:0.000026s ]
INFO: [ app_init ] --END-- [ RunTime:0.000678s ]
INFO: [ app_begin ] --START--
INFO: Run Behavior\ReadHtmlCacheBehavior [ RunTime:0.000353s ]
INFO: [ app_begin ] --END-- [ RunTime:0.000403s ]
NOTIC: [8] Undefined index: signature /home/red/test/weChat/weChat/Home/Controller/IndexController.class.php 第 10 行.
NOTIC: [8] Undefined index: timestamp /home/red/test/weChat/weChat/Home/Controller/IndexController.class.php 第 11 行.
NOTIC: [8] Undefined index: nonce /home/red/test/weChat/weChat/Home/Controller/IndexController.class.php 第 12 行.
NOTIC: [8] Undefined index: echostr /home/red/test/weChat/weChat/Home/Controller/IndexController.class.php 第 13 行.

[ 2016-10-16T11:16:27+08:00 ] ::1 /
INFO: [ app_init ] --START--
INFO: Run Behavior\BuildLiteBehavior [ RunTime:0.000020s ]
INFO: [ app_init ] --END-- [ RunTime:0.000482s ]
INFO: [ app_begin ] --START--
INFO: Run Behavior\ReadHtmlCacheBehavior [ RunTime:0.000671s ]
INFO: [ app_begin ] --END-- [ RunTime:0.000745s ]
NOTIC: [8] Undefined index: signature /home/red/test/weChat/weChat/Home/Controller/IndexController.class.php 第 10 行.
NOTIC: [8] Undefined index: timestamp /home/red/test/weChat/weChat/Home/Controller/IndexController.class.php 第 11 行.
NOTIC: [8] Undefined index: nonce /home/red/test/weChat/weChat/Home/Controller/IndexController.class.php 第 12 行.
NOTIC: [8] Undefined index: echostr /home/red/test/weChat/weChat/Home/Controller/IndexController.class.php 第 13 行.

[ 2016-10-16T11:16:27+08:00 ] ::1 /
INFO: [ app_init ] --START--
INFO: Run Behavior\BuildLiteBehavior [ RunTime:0.000015s ]
INFO: [ app_init ] --END-- [ RunTime:0.000271s ]
INFO: [ app_begin ] --START--
INFO: Run Behavior\ReadHtmlCacheBehavior [ RunTime:0.000314s ]
INFO: [ app_begin ] --END-- [ RunTime:0.000349s ]
NOTIC: [8] Undefined index: signature /home/red/test/weChat/weChat/Home/Controller/IndexController.class.php 第 10 行.
NOTIC: [8] Undefined index: timestamp /home/red/test/weChat/weChat/Home/Controller/IndexController.class.php 第 11 行.
NOTIC: [8] Undefined index: nonce /home/red/test/weChat/weChat/Home/Controller/IndexController.class.php 第 12 行.
NOTIC: [8] Undefined index: echostr /home/red/test/weChat/weChat/Home/Controller/IndexController.class.php 第 13 行.

[ 2016-10-16T11:16:27+08:00 ] ::1 /
INFO: [ app_init ] --START--
INFO: Run Behavior\BuildLiteBehavior [ RunTime:0.000012s ]
INFO: [ app_init ] --END-- [ RunTime:0.000274s ]
INFO: [ app_begin ] --START--
INFO: Run Behavior\ReadHtmlCacheBehavior [ RunTime:0.000291s ]
INFO: [ app_begin ] --END-- [ RunTime:0.000324s ]
NOTIC: [8] Undefined index: signature /home/red/test/weChat/weChat/Home/Controller/IndexController.class.php 第 10 行.
NOTIC: [8] Undefined index: timestamp /home/red/test/weChat/weChat/Home/Controller/IndexController.class.php 第 11 行.
NOTIC: [8] Undefined index: nonce /home/red/test/weChat/weChat/Home/Controller/IndexController.class.php 第 12 行.
NOTIC: [8] Undefined index: echostr /home/red/test/weChat/weChat/Home/Controller/IndexController.class.php 第 13 行.

[ 2016-10-16T11:17:30+08:00 ] 192.168.99.8 /
INFO: [ app_init ] --START--
INFO: Run Behavior\BuildLiteBehavior [ RunTime:0.000009s ]
INFO: [ app_init ] --END-- [ RunTime:0.000199s ]
INFO: [ app_begin ] --START--
INFO: Run Behavior\ReadHtmlCacheBehavior [ RunTime:0.000420s ]
INFO: [ app_begin ] --END-- [ RunTime:0.000445s ]
NOTIC: [8] Undefined index: signature /home/red/test/weChat/weChat/Home/Controller/IndexController.class.php 第 10 行.
NOTIC: [8] Undefined index: timestamp /home/red/test/weChat/weChat/Home/Controller/IndexController.class.php 第 11 行.
NOTIC: [8] Undefined index: nonce /home/red/test/weChat/weChat/Home/Controller/IndexController.class.php 第 12 行.
NOTIC: [8] Undefined index: echostr /home/red/test/weChat/weChat/Home/Controller/IndexController.class.php 第 13 行.

[ 2016-10-16T11:17:50+08:00 ] 192.168.99.8 /
INFO: [ app_init ] --START--
INFO: Run Behavior\BuildLiteBehavior [ RunTime:0.000013s ]
INFO: [ app_init ] --END-- [ RunTime:0.000291s ]
INFO: [ app_begin ] --START--
INFO: Run Behavior\ReadHtmlCacheBehavior [ RunTime:0.000333s ]
INFO: [ app_begin ] --END-- [ RunTime:0.000368s ]
NOTIC: [8] Undefined index: signature /home/red/test/weChat/weChat/Home/Controller/IndexController.class.php 第 10 行.
NOTIC: [8] Undefined index: timestamp /home/red/test/weChat/weChat/Home/Controller/IndexController.class.php 第 11 行.
NOTIC: [8] Undefined index: nonce /home/red/test/weChat/weChat/Home/Controller/IndexController.class.php 第 12 行.
NOTIC: [8] Undefined index: echostr /home/red/test/weChat/weChat/Home/Controller/IndexController.class.php 第 13 行.

[ 2016-10-16T11:18:11+08:00 ] 192.168.99.8 /
INFO: [ app_init ] --START--
INFO: Run Behavior\BuildLiteBehavior [ RunTime:0.000007s ]
INFO: [ app_init ] --END-- [ RunTime:0.000192s ]
INFO: [ app_begin ] --START--
INFO: Run Behavior\ReadHtmlCacheBehavior [ RunTime:0.000232s ]
INFO: [ app_begin ] --END-- [ RunTime:0.000254s ]
NOTIC: [8] Undefined index: signature /home/red/test/weChat/weChat/Home/Controller/IndexController.class.php 第 10 行.
NOTIC: [8] Undefined index: timestamp /home/red/test/weChat/weChat/Home/Controller/IndexController.class.php 第 11 行.
NOTIC: [8] Undefined index: nonce /home/red/test/weChat/weChat/Home/Controller/IndexController.class.php 第 12 行.
NOTIC: [8] Undefined index: echostr /home/red/test/weChat/weChat/Home/Controller/IndexController.class.php 第 13 行.

[ 2016-10-16T11:18:34+08:00 ] 192.168.99.8 /
INFO: [ app_init ] --START--
INFO: Run Behavior\BuildLiteBehavior [ RunTime:0.000036s ]
INFO: [ app_init ] --END-- [ RunTime:0.000657s ]
INFO: [ app_begin ] --START--
INFO: Run Behavior\ReadHtmlCacheBehavior [ RunTime:0.000265s ]
INFO: [ app_begin ] --END-- [ RunTime:0.000294s ]
NOTIC: [8] Undefined index: signature /home/red/test/weChat/weChat/Home/Controller/IndexController.class.php 第 10 行.
NOTIC: [8] Undefined index: timestamp /home/red/test/weChat/weChat/Home/Controller/IndexController.class.php 第 11 行.
NOTIC: [8] Undefined index: nonce /home/red/test/weChat/weChat/Home/Controller/IndexController.class.php 第 12 行.
NOTIC: [8] Undefined index: echostr /home/red/test/weChat/weChat/Home/Controller/IndexController.class.php 第 13 行.
ERR: 无法加载数据库驱动: Think\Db\Driver\

[ 2016-10-16T11:18:37+08:00 ] 192.168.99.8 /
INFO: [ app_init ] --START--
INFO: Run Behavior\BuildLiteBehavior [ RunTime:0.000014s ]
INFO: [ app_init ] --END-- [ RunTime:0.000295s ]
INFO: [ app_begin ] --START--
INFO: Run Behavior\ReadHtmlCacheBehavior [ RunTime:0.000380s ]
INFO: [ app_begin ] --END-- [ RunTime:0.000420s ]
NOTIC: [8] Undefined index: signature /home/red/test/weChat/weChat/Home/Controller/IndexController.class.php 第 10 行.
NOTIC: [8] Undefined index: timestamp /home/red/test/weChat/weChat/Home/Controller/IndexController.class.php 第 11 行.
NOTIC: [8] Undefined index: nonce /home/red/test/weChat/weChat/Home/Controller/IndexController.class.php 第 12 行.
NOTIC: [8] Undefined index: echostr /home/red/test/weChat/weChat/Home/Controller/IndexController.class.php 第 13 行.
ERR: 无法加载数据库驱动: Think\Db\Driver\

[ 2016-10-16T11:18:46+08:00 ] ::1 /
INFO: [ app_init ] --START--
INFO: Run Behavior\BuildLiteBehavior [ RunTime:0.000017s ]
INFO: [ app_init ] --END-- [ RunTime:0.000293s ]
INFO: [ app_begin ] --START--
INFO: Run Behavior\ReadHtmlCacheBehavior [ RunTime:0.000438s ]
INFO: [ app_begin ] --END-- [ RunTime:0.000492s ]
NOTIC: [8] Undefined index: signature /home/red/test/weChat/weChat/Home/Controller/IndexController.class.php 第 10 行.
NOTIC: [8] Undefined index: timestamp /home/red/test/weChat/weChat/Home/Controller/IndexController.class.php 第 11 行.
NOTIC: [8] Undefined index: nonce /home/red/test/weChat/weChat/Home/Controller/IndexController.class.php 第 12 行.
NOTIC: [8] Undefined index: echostr /home/red/test/weChat/weChat/Home/Controller/IndexController.class.php 第 13 行.
INFO: [ app_end ] --START--
INFO: Run Behavior\ShowPageTraceBehavior [ RunTime:0.000536s ]
INFO: [ app_end ] --END-- [ RunTime:0.000665s ]

[ 2016-10-16T11:18:51+08:00 ] 192.168.99.8 /
INFO: [ app_init ] --START--
INFO: Run Behavior\BuildLiteBehavior [ RunTime:0.000007s ]
INFO: [ app_init ] --END-- [ RunTime:0.000194s ]
INFO: [ app_begin ] --START--
INFO: Run Behavior\ReadHtmlCacheBehavior [ RunTime:0.000229s ]
INFO: [ app_begin ] --END-- [ RunTime:0.000251s ]
NOTIC: [8] Undefined index: signature /home/red/test/weChat/weChat/Home/Controller/IndexController.class.php 第 10 行.
NOTIC: [8] Undefined index: timestamp /home/red/test/weChat/weChat/Home/Controller/IndexController.class.php 第 11 行.
NOTIC: [8] Undefined index: nonce /home/red/test/weChat/weChat/Home/Controller/IndexController.class.php 第 12 行.
NOTIC: [8] Undefined index: echostr /home/red/test/weChat/weChat/Home/Controller/IndexController.class.php 第 13 行.
ERR: 无法加载数据库驱动: Think\Db\Driver\

[ 2016-10-16T11:19:34+08:00 ] 192.168.99.8 /
INFO: [ app_init ] --START--
INFO: Run Behavior\BuildLiteBehavior [ RunTime:0.000013s ]
INFO: [ app_init ] --END-- [ RunTime:0.000345s ]
INFO: [ app_begin ] --START--
INFO: Run Behavior\ReadHtmlCacheBehavior [ RunTime:0.000299s ]
INFO: [ app_begin ] --END-- [ RunTime:0.000340s ]
NOTIC: [8] Undefined index: signature /home/red/test/weChat/weChat/Home/Controller/IndexController.class.php 第 10 行.
NOTIC: [8] Undefined index: timestamp /home/red/test/weChat/weChat/Home/Controller/IndexController.class.php 第 11 行.
NOTIC: [8] Undefined index: nonce /home/red/test/weChat/weChat/Home/Controller/IndexController.class.php 第 12 行.
NOTIC: [8] Undefined index: echostr /home/red/test/weChat/weChat/Home/Controller/IndexController.class.php 第 13 行.
ERR: 无法加载数据库驱动: Think\Db\Driver\

[ 2016-10-16T11:19:35+08:00 ] 192.168.99.8 /
INFO: [ app_init ] --START--
INFO: Run Behavior\BuildLiteBehavior [ RunTime:0.000009s ]
INFO: [ app_init ] --END-- [ RunTime:0.000214s ]
INFO: [ app_begin ] --START--
INFO: Run Behavior\ReadHtmlCacheBehavior [ RunTime:0.000235s ]
INFO: [ app_begin ] --END-- [ RunTime:0.000257s ]
NOTIC: [8] Undefined index: signature /home/red/test/weChat/weChat/Home/Controller/IndexController.class.php 第 10 行.
NOTIC: [8] Undefined index: timestamp /home/red/test/weChat/weChat/Home/Controller/IndexController.class.php 第 11 行.
NOTIC: [8] Undefined index: nonce /home/red/test/weChat/weChat/Home/Controller/IndexController.class.php 第 12 行.
NOTIC: [8] Undefined index: echostr /home/red/test/weChat/weChat/Home/Controller/IndexController.class.php 第 13 行.
ERR: 无法加载数据库驱动: Think\Db\Driver\

[ 2016-10-16T11:19:41+08:00 ] 192.168.99.8 /
INFO: [ app_init ] --START--
INFO: Run Behavior\BuildLiteBehavior [ RunTime:0.000013s ]
INFO: [ app_init ] --END-- [ RunTime:0.000245s ]
INFO: [ app_begin ] --START--
INFO: Run Behavior\ReadHtmlCacheBehavior [ RunTime:0.000279s ]
INFO: [ app_begin ] --END-- [ RunTime:0.000315s ]
NOTIC: [8] Undefined index: signature /home/red/test/weChat/weChat/Home/Controller/IndexController.class.php 第 10 行.
NOTIC: [8] Undefined index: timestamp /home/red/test/weChat/weChat/Home/Controller/IndexController.class.php 第 11 行.
NOTIC: [8] Undefined index: nonce /home/red/test/weChat/weChat/Home/Controller/IndexController.class.php 第 12 行.
NOTIC: [8] Undefined index: echostr /home/red/test/weChat/weChat/Home/Controller/IndexController.class.php 第 13 行.
ERR: 无法加载数据库驱动: Think\Db\Driver\

[ 2016-10-16T11:20:15+08:00 ] 192.168.99.8 /
INFO: [ app_init ] --START--
INFO: Run Behavior\BuildLiteBehavior [ RunTime:0.000030s ]
INFO: [ app_init ] --END-- [ RunTime:0.000628s ]
INFO: [ app_begin ] --START--
INFO: Run Behavior\ReadHtmlCacheBehavior [ RunTime:0.000554s ]
INFO: [ app_begin ] --END-- [ RunTime:0.000667s ]
NOTIC: [8] Undefined index: signature /home/red/test/weChat/weChat/Home/Controller/IndexController.class.php 第 10 行.
NOTIC: [8] Undefined index: timestamp /home/red/test/weChat/weChat/Home/Controller/IndexController.class.php 第 11 行.
NOTIC: [8] Undefined index: nonce /home/red/test/weChat/weChat/Home/Controller/IndexController.class.php 第 12 行.
NOTIC: [8] Undefined index: echostr /home/red/test/weChat/weChat/Home/Controller/IndexController.class.php 第 13 行.
INFO: [ app_end ] --START--
INFO: Run Behavior\ShowPageTraceBehavior [ RunTime:0.000627s ]
INFO: [ app_end ] --END-- [ RunTime:0.000704s ]

[ 2016-10-16T11:20:17+08:00 ] 192.168.99.8 /
INFO: [ app_init ] --START--
INFO: Run Behavior\BuildLiteBehavior [ RunTime:0.000021s ]
INFO: [ app_init ] --END-- [ RunTime:0.000398s ]
INFO: [ app_begin ] --START--
INFO: Run Behavior\ReadHtmlCacheBehavior [ RunTime:0.000342s ]
INFO: [ app_begin ] --END-- [ RunTime:0.000383s ]
NOTIC: [8] Undefined index: signature /home/red/test/weChat/weChat/Home/Controller/IndexController.class.php 第 10 行.
NOTIC: [8] Undefined index: timestamp /home/red/test/weChat/weChat/Home/Controller/IndexController.class.php 第 11 行.
NOTIC: [8] Undefined index: nonce /home/red/test/weChat/weChat/Home/Controller/IndexController.class.php 第 12 行.
NOTIC: [8] Undefined index: echostr /home/red/test/weChat/weChat/Home/Controller/IndexController.class.php 第 13 行.
INFO: [ app_end ] --START--
INFO: Run Behavior\ShowPageTraceBehavior [ RunTime:0.000754s ]
INFO: [ app_end ] --END-- [ RunTime:0.000873s ]

[ 2016-10-16T11:20:18+08:00 ] 192.168.99.8 /
INFO: [ app_init ] --START--
INFO: Run Behavior\BuildLiteBehavior [ RunTime:0.000018s ]
INFO: [ app_init ] --END-- [ RunTime:0.000439s ]
INFO: [ app_begin ] --START--
INFO: Run Behavior\ReadHtmlCacheBehavior [ RunTime:0.000518s ]
INFO: [ app_begin ] --END-- [ RunTime:0.000581s ]
NOTIC: [8] Undefined index: signature /home/red/test/weChat/weChat/Home/Controller/IndexController.class.php 第 10 行.
NOTIC: [8] Undefined index: timestamp /home/red/test/weChat/weChat/Home/Controller/IndexController.class.php 第 11 行.
NOTIC: [8] Undefined index: nonce /home/red/test/weChat/weChat/Home/Controller/IndexController.class.php 第 12 行.
NOTIC: [8] Undefined index: echostr /home/red/test/weChat/weChat/Home/Controller/IndexController.class.php 第 13 行.
INFO: [ app_end ] --START--
INFO: Run Behavior\ShowPageTraceBehavior [ RunTime:0.000822s ]
INFO: [ app_end ] --END-- [ RunTime:0.000956s ]

[ 2016-10-16T11:20:18+08:00 ] 192.168.99.8 /
INFO: [ app_init ] --START--
INFO: Run Behavior\BuildLiteBehavior [ RunTime:0.000007s ]
INFO: [ app_init ] --END-- [ RunTime:0.000204s ]
INFO: [ app_begin ] --START--
INFO: Run Behavior\ReadHtmlCacheBehavior [ RunTime:0.000479s ]
INFO: [ app_begin ] --END-- [ RunTime:0.000502s ]
NOTIC: [8] Undefined index: signature /home/red/test/weChat/weChat/Home/Controller/IndexController.class.php 第 10 行.
NOTIC: [8] Undefined index: timestamp /home/red/test/weChat/weChat/Home/Controller/IndexController.class.php 第 11 行.
NOTIC: [8] Undefined index: nonce /home/red/test/weChat/weChat/Home/Controller/IndexController.class.php 第 12 行.
NOTIC: [8] Undefined index: echostr /home/red/test/weChat/weChat/Home/Controller/IndexController.class.php 第 13 行.
INFO: [ app_end ] --START--
INFO: Run Behavior\ShowPageTraceBehavior [ RunTime:0.000613s ]
INFO: [ app_end ] --END-- [ RunTime:0.000669s ]

[ 2016-10-16T11:20:18+08:00 ] 192.168.99.8 /
INFO: [ app_init ] --START--
INFO: Run Behavior\BuildLiteBehavior [ RunTime:0.000008s ]
INFO: [ app_init ] --END-- [ RunTime:0.000216s ]
INFO: [ app_begin ] --START--
INFO: Run Behavior\ReadHtmlCacheBehavior [ RunTime:0.000235s ]
INFO: [ app_begin ] --END-- [ RunTime:0.000256s ]
NOTIC: [8] Undefined index: signature /home/red/test/weChat/weChat/Home/Controller/IndexController.class.php 第 10 行.
NOTIC: [8] Undefined index: timestamp /home/red/test/weChat/weChat/Home/Controller/IndexController.class.php 第 11 行.
NOTIC: [8] Undefined index: nonce /home/red/test/weChat/weChat/Home/Controller/IndexController.class.php 第 12 行.
NOTIC: [8] Undefined index: echostr /home/red/test/weChat/weChat/Home/Controller/IndexController.class.php 第 13 行.
INFO: [ app_end ] --START--
INFO: Run Behavior\ShowPageTraceBehavior [ RunTime:0.000491s ]
INFO: [ app_end ] --END-- [ RunTime:0.000528s ]

[ 2016-10-16T11:20:52+08:00 ] 192.168.99.8 /
INFO: [ app_init ] --START--
INFO: Run Behavior\BuildLiteBehavior [ RunTime:0.000009s ]
INFO: [ app_init ] --END-- [ RunTime:0.000194s ]
INFO: [ app_begin ] --START--
INFO: Run Behavior\ReadHtmlCacheBehavior [ RunTime:0.000250s ]
INFO: [ app_begin ] --END-- [ RunTime:0.000272s ]
NOTIC: [8] Undefined index: signature /home/red/test/weChat/weChat/Home/Controller/IndexController.class.php 第 10 行.
NOTIC: [8] Undefined index: timestamp /home/red/test/weChat/weChat/Home/Controller/IndexController.class.php 第 11 行.
NOTIC: [8] Undefined index: nonce /home/red/test/weChat/weChat/Home/Controller/IndexController.class.php 第 12 行.
NOTIC: [8] Undefined index: echostr /home/red/test/weChat/weChat/Home/Controller/IndexController.class.php 第 13 行.
ERR: 无法加载数据库驱动: Think\Db\Driver\

[ 2016-10-16T11:31:41+08:00 ] 192.168.99.8 /
INFO: [ app_init ] --START--
INFO: Run Behavior\BuildLiteBehavior [ RunTime:0.000009s ]
INFO: [ app_init ] --END-- [ RunTime:0.000200s ]
INFO: [ app_begin ] --START--
INFO: Run Behavior\ReadHtmlCacheBehavior [ RunTime:0.000273s ]
INFO: [ app_begin ] --END-- [ RunTime:0.000294s ]
NOTIC: [8] Undefined index: signature /home/red/test/weChat/weChat/Home/Controller/IndexController.class.php 第 10 行.
NOTIC: [8] Undefined index: timestamp /home/red/test/weChat/weChat/Home/Controller/IndexController.class.php 第 11 行.
NOTIC: [8] Undefined index: nonce /home/red/test/weChat/weChat/Home/Controller/IndexController.class.php 第 12 行.
NOTIC: [8] Undefined index: echostr /home/red/test/weChat/weChat/Home/Controller/IndexController.class.php 第 13 行.
INFO: [ app_end ] --START--
INFO: Run Behavior\ShowPageTraceBehavior [ RunTime:0.000861s ]
INFO: [ app_end ] --END-- [ RunTime:0.000907s ]

[ 2016-10-16T11:32:21+08:00 ] 192.168.99.8 /
INFO: [ app_init ] --START--
INFO: Run Behavior\BuildLiteBehavior [ RunTime:0.000015s ]
INFO: [ app_init ] --END-- [ RunTime:0.000251s ]
INFO: [ app_begin ] --START--
INFO: Run Behavior\ReadHtmlCacheBehavior [ RunTime:0.000358s ]
INFO: [ app_begin ] --END-- [ RunTime:0.000406s ]
NOTIC: [8] Undefined index: signature /home/red/test/weChat/weChat/Home/Controller/IndexController.class.php 第 10 行.
NOTIC: [8] Undefined index: timestamp /home/red/test/weChat/weChat/Home/Controller/IndexController.class.php 第 11 行.
NOTIC: [8] Undefined index: nonce /home/red/test/weChat/weChat/Home/Controller/IndexController.class.php 第 12 行.
NOTIC: [8] Undefined index: echostr /home/red/test/weChat/weChat/Home/Controller/IndexController.class.php 第 13 行.

[ 2016-10-16T11:32:56+08:00 ] 192.168.99.8 /
INFO: [ app_init ] --START--
INFO: Run Behavior\BuildLiteBehavior [ RunTime:0.000011s ]
INFO: [ app_init ] --END-- [ RunTime:0.000241s ]
INFO: [ app_begin ] --START--
INFO: Run Behavior\ReadHtmlCacheBehavior [ RunTime:0.000308s ]
INFO: [ app_begin ] --END-- [ RunTime:0.000339s ]
NOTIC: [8] Undefined index: signature /home/red/test/weChat/weChat/Home/Controller/IndexController.class.php 第 10 行.
NOTIC: [8] Undefined index: timestamp /home/red/test/weChat/weChat/Home/Controller/IndexController.class.php 第 11 行.
NOTIC: [8] Undefined index: nonce /home/red/test/weChat/weChat/Home/Controller/IndexController.class.php 第 12 行.
NOTIC: [8] Undefined index: echostr /home/red/test/weChat/weChat/Home/Controller/IndexController.class.php 第 13 行.
ERR: 无法加载数据库驱动: Think\Db\Driver\

[ 2016-10-16T11:32:58+08:00 ] 192.168.99.8 /
INFO: [ app_init ] --START--
INFO: Run Behavior\BuildLiteBehavior [ RunTime:0.000065s ]
INFO: [ app_init ] --END-- [ RunTime:0.000293s ]
INFO: [ app_begin ] --START--
INFO: Run Behavior\ReadHtmlCacheBehavior [ RunTime:0.000345s ]
INFO: [ app_begin ] --END-- [ RunTime:0.000394s ]
NOTIC: [8] Undefined index: signature /home/red/test/weChat/weChat/Home/Controller/IndexController.class.php 第 10 行.
NOTIC: [8] Undefined index: timestamp /home/red/test/weChat/weChat/Home/Controller/IndexController.class.php 第 11 行.
NOTIC: [8] Undefined index: nonce /home/red/test/weChat/weChat/Home/Controller/IndexController.class.php 第 12 行.
NOTIC: [8] Undefined index: echostr /home/red/test/weChat/weChat/Home/Controller/IndexController.class.php 第 13 行.
ERR: 无法加载数据库驱动: Think\Db\Driver\

[ 2016-10-16T11:32:59+08:00 ] 192.168.99.8 /
INFO: [ app_init ] --START--
INFO: Run Behavior\BuildLiteBehavior [ RunTime:0.000017s ]
INFO: [ app_init ] --END-- [ RunTime:0.000391s ]
INFO: [ app_begin ] --START--
INFO: Run Behavior\ReadHtmlCacheBehavior [ RunTime:0.000306s ]
INFO: [ app_begin ] --END-- [ RunTime:0.000344s ]
NOTIC: [8] Undefined index: signature /home/red/test/weChat/weChat/Home/Controller/IndexController.class.php 第 10 行.
NOTIC: [8] Undefined index: timestamp /home/red/test/weChat/weChat/Home/Controller/IndexController.class.php 第 11 行.
NOTIC: [8] Undefined index: nonce /home/red/test/weChat/weChat/Home/Controller/IndexController.class.php 第 12 行.
NOTIC: [8] Undefined index: echostr /home/red/test/weChat/weChat/Home/Controller/IndexController.class.php 第 13 行.
ERR: 无法加载数据库驱动: Think\Db\Driver\

[ 2016-10-16T11:33:06+08:00 ] 192.168.99.8 /
INFO: [ app_init ] --START--
INFO: Run Behavior\BuildLiteBehavior [ RunTime:0.000009s ]
INFO: [ app_init ] --END-- [ RunTime:0.000311s ]
INFO: [ app_begin ] --START--
INFO: Run Behavior\ReadHtmlCacheBehavior [ RunTime:0.000269s ]
INFO: [ app_begin ] --END-- [ RunTime:0.000294s ]
NOTIC: [8] Undefined index: signature /home/red/test/weChat/weChat/Home/Controller/IndexController.class.php 第 10 行.
NOTIC: [8] Undefined index: timestamp /home/red/test/weChat/weChat/Home/Controller/IndexController.class.php 第 11 行.
NOTIC: [8] Undefined index: nonce /home/red/test/weChat/weChat/Home/Controller/IndexController.class.php 第 12 行.
NOTIC: [8] Undefined index: echostr /home/red/test/weChat/weChat/Home/Controller/IndexController.class.php 第 13 行.
ERR: 无法加载数据库驱动: Think\Db\Driver\

[ 2016-10-16T11:33:07+08:00 ] 192.168.99.8 /
INFO: [ app_init ] --START--
INFO: Run Behavior\BuildLiteBehavior [ RunTime:0.000012s ]
INFO: [ app_init ] --END-- [ RunTime:0.000243s ]
INFO: [ app_begin ] --START--
INFO: Run Behavior\ReadHtmlCacheBehavior [ RunTime:0.000398s ]
INFO: [ app_begin ] --END-- [ RunTime:0.000434s ]
NOTIC: [8] Undefined index: signature /home/red/test/weChat/weChat/Home/Controller/IndexController.class.php 第 10 行.
NOTIC: [8] Undefined index: timestamp /home/red/test/weChat/weChat/Home/Controller/IndexController.class.php 第 11 行.
NOTIC: [8] Undefined index: nonce /home/red/test/weChat/weChat/Home/Controller/IndexController.class.php 第 12 行.
NOTIC: [8] Undefined index: echostr /home/red/test/weChat/weChat/Home/Controller/IndexController.class.php 第 13 行.
ERR: 无法加载数据库驱动: Think\Db\Driver\

[ 2016-10-16T11:33:24+08:00 ] ::1 /
INFO: [ app_init ] --START--
INFO: Run Behavior\BuildLiteBehavior [ RunTime:0.000017s ]
INFO: [ app_init ] --END-- [ RunTime:0.000251s ]
INFO: [ app_begin ] --START--
INFO: Run Behavior\ReadHtmlCacheBehavior [ RunTime:0.000272s ]
INFO: [ app_begin ] --END-- [ RunTime:0.000298s ]
NOTIC: [8] Undefined index: signature /home/red/test/weChat/weChat/Home/Controller/IndexController.class.php 第 10 行.
NOTIC: [8] Undefined index: timestamp /home/red/test/weChat/weChat/Home/Controller/IndexController.class.php 第 11 行.
NOTIC: [8] Undefined index: nonce /home/red/test/weChat/weChat/Home/Controller/IndexController.class.php 第 12 行.
NOTIC: [8] Undefined index: echostr /home/red/test/weChat/weChat/Home/Controller/IndexController.class.php 第 13 行.
ERR: 无法加载数据库驱动: Think\Db\Driver\

[ 2016-10-16T11:33:58+08:00 ] ::1 /
INFO: [ app_init ] --START--
INFO: Run Behavior\BuildLiteBehavior [ RunTime:0.000014s ]
INFO: [ app_init ] --END-- [ RunTime:0.000478s ]
INFO: [ app_begin ] --START--
INFO: Run Behavior\ReadHtmlCacheBehavior [ RunTime:0.000400s ]
INFO: [ app_begin ] --END-- [ RunTime:0.000469s ]
NOTIC: [8] Undefined index: signature /home/red/test/weChat/weChat/Home/Controller/IndexController.class.php 第 10 行.
NOTIC: [8] Undefined index: timestamp /home/red/test/weChat/weChat/Home/Controller/IndexController.class.php 第 11 行.
NOTIC: [8] Undefined index: nonce /home/red/test/weChat/weChat/Home/Controller/IndexController.class.php 第 12 行.
NOTIC: [8] Undefined index: echostr /home/red/test/weChat/weChat/Home/Controller/IndexController.class.php 第 13 行.
ERR: 无法加载数据库驱动: Think\Db\Driver\

[ 2016-10-16T11:34:00+08:00 ] ::1 /
INFO: [ app_init ] --START--
INFO: Run Behavior\BuildLiteBehavior [ RunTime:0.000008s ]
INFO: [ app_init ] --END-- [ RunTime:0.000193s ]
INFO: [ app_begin ] --START--
INFO: Run Behavior\ReadHtmlCacheBehavior [ RunTime:0.000295s ]
INFO: [ app_begin ] --END-- [ RunTime:0.000316s ]
NOTIC: [8] Undefined index: signature /home/red/test/weChat/weChat/Home/Controller/IndexController.class.php 第 10 行.
NOTIC: [8] Undefined index: timestamp /home/red/test/weChat/weChat/Home/Controller/IndexController.class.php 第 11 行.
NOTIC: [8] Undefined index: nonce /home/red/test/weChat/weChat/Home/Controller/IndexController.class.php 第 12 行.
NOTIC: [8] Undefined index: echostr /home/red/test/weChat/weChat/Home/Controller/IndexController.class.php 第 13 行.
ERR: 无法加载数据库驱动: Think\Db\Driver\

[ 2016-10-16T11:34:19+08:00 ] 192.168.99.8 /
INFO: [ app_init ] --START--
INFO: Run Behavior\BuildLiteBehavior [ RunTime:0.000013s ]
INFO: [ app_init ] --END-- [ RunTime:0.000286s ]
INFO: [ app_begin ] --START--
INFO: Run Behavior\ReadHtmlCacheBehavior [ RunTime:0.000357s ]
INFO: [ app_begin ] --END-- [ RunTime:0.000389s ]
NOTIC: [8] Undefined index: signature /home/red/test/weChat/weChat/Home/Controller/IndexController.class.php 第 10 行.
NOTIC: [8] Undefined index: timestamp /home/red/test/weChat/weChat/Home/Controller/IndexController.class.php 第 11 行.
NOTIC: [8] Undefined index: nonce /home/red/test/weChat/weChat/Home/Controller/IndexController.class.php 第 12 行.
NOTIC: [8] Undefined index: echostr /home/red/test/weChat/weChat/Home/Controller/IndexController.class.php 第 13 行.
ERR: 无法加载数据库驱动: Think\Db\Driver\

[ 2016-10-16T11:41:26+08:00 ] ::1 /
INFO: [ app_init ] --START--
INFO: Run Behavior\BuildLiteBehavior [ RunTime:0.000010s ]
INFO: [ app_init ] --END-- [ RunTime:0.000214s ]
INFO: [ app_begin ] --START--
INFO: Run Behavior\ReadHtmlCacheBehavior [ RunTime:0.000335s ]
INFO: [ app_begin ] --END-- [ RunTime:0.000373s ]
NOTIC: [8] Undefined index: signature /home/red/test/weChat/weChat/Home/Controller/IndexController.class.php 第 10 行.
NOTIC: [8] Undefined index: timestamp /home/red/test/weChat/weChat/Home/Controller/IndexController.class.php 第 11 行.
NOTIC: [8] Undefined index: nonce /home/red/test/weChat/weChat/Home/Controller/IndexController.class.php 第 12 行.
NOTIC: [8] Undefined index: echostr /home/red/test/weChat/weChat/Home/Controller/IndexController.class.php 第 13 行.
ERR: 1146:Table 'red.index' doesn't exist
 [ SQL语句 ] : SHOW COLUMNS FROM `index`
ERR: 1146:Table 'red.index' doesn't exist
 [ SQL语句 ] : SHOW COLUMNS FROM `index`

[ 2016-10-16T11:59:50+08:00 ] 192.168.99.8 /?signature=b3c17699cba62047c6bf8c1e1689543aae51fa08&timestamp=1476590389&nonce=1840284609&openid=ot9f5wg8CWeEKwujnX0uHi1HUXQU&encrypt_type=aes&msg_signature=450d3dcd27685a496726bb08e98bde399a37f3a7
INFO: [ app_init ] --START--
INFO: Run Behavior\BuildLiteBehavior [ RunTime:0.000010s ]
INFO: [ app_init ] --END-- [ RunTime:0.000222s ]
INFO: [ app_begin ] --START--
INFO: Run Behavior\ReadHtmlCacheBehavior [ RunTime:0.000253s ]
INFO: [ app_begin ] --END-- [ RunTime:0.000276s ]
NOTIC: [8] Undefined index: echostr /home/red/test/weChat/weChat/Home/Controller/IndexController.class.php 第 13 行.
INFO: [ app_end ] --START--
INFO: Run Behavior\ShowPageTraceBehavior [ RunTime:0.024050s ]
INFO: [ app_end ] --END-- [ RunTime:0.024113s ]

[ 2016-10-16T19:00:51+08:00 ] 192.168.99.100 /
INFO: [ app_init ] --START--
INFO: Run Behavior\BuildLiteBehavior [ RunTime:0.000011s ]
INFO: [ app_init ] --END-- [ RunTime:0.000897s ]
INFO: [ app_begin ] --START--
INFO: Run Behavior\ReadHtmlCacheBehavior [ RunTime:0.001746s ]
INFO: [ app_begin ] --END-- [ RunTime:0.001781s ]
NOTIC: [8] Undefined index: signature /home/red/test/weChat/weChat/Home/Controller/IndexController.class.php 第 10 行.
NOTIC: [8] Undefined index: timestamp /home/red/test/weChat/weChat/Home/Controller/IndexController.class.php 第 11 行.
NOTIC: [8] Undefined index: nonce /home/red/test/weChat/weChat/Home/Controller/IndexController.class.php 第 12 行.
NOTIC: [8] Undefined index: echostr /home/red/test/weChat/weChat/Home/Controller/IndexController.class.php 第 13 行.
INFO: [ app_end ] --START--
INFO: Run Behavior\ShowPageTraceBehavior [ RunTime:0.001215s ]
INFO: [ app_end ] --END-- [ RunTime:0.001255s ]

[ 2016-10-16T19:00:51+08:00 ] 192.168.99.100 /
INFO: [ app_init ] --START--
INFO: Run Behavior\BuildLiteBehavior [ RunTime:0.000008s ]
INFO: [ app_init ] --END-- [ RunTime:0.000258s ]
INFO: [ app_begin ] --START--
INFO: Run Behavior\ReadHtmlCacheBehavior [ RunTime:0.000237s ]
INFO: [ app_begin ] --END-- [ RunTime:0.000258s ]
NOTIC: [8] Undefined index: signature /home/red/test/weChat/weChat/Home/Controller/IndexController.class.php 第 10 行.
NOTIC: [8] Undefined index: timestamp /home/red/test/weChat/weChat/Home/Controller/IndexController.class.php 第 11 行.
NOTIC: [8] Undefined index: nonce /home/red/test/weChat/weChat/Home/Controller/IndexController.class.php 第 12 行.
NOTIC: [8] Undefined index: echostr /home/red/test/weChat/weChat/Home/Controller/IndexController.class.php 第 13 行.
INFO: [ app_end ] --START--
INFO: Run Behavior\ShowPageTraceBehavior [ RunTime:0.000478s ]
INFO: [ app_end ] --END-- [ RunTime:0.000532s ]

[ 2016-10-16T19:00:54+08:00 ] 192.168.99.100 /
INFO: [ app_init ] --START--
INFO: Run Behavior\BuildLiteBehavior [ RunTime:0.000009s ]
INFO: [ app_init ] --END-- [ RunTime:0.000193s ]
INFO: [ app_begin ] --START--
INFO: Run Behavior\ReadHtmlCacheBehavior [ RunTime:0.000238s ]
INFO: [ app_begin ] --END-- [ RunTime:0.000261s ]
NOTIC: [8] Undefined index: signature /home/red/test/weChat/weChat/Home/Controller/IndexController.class.php 第 10 行.
NOTIC: [8] Undefined index: timestamp /home/red/test/weChat/weChat/Home/Controller/IndexController.class.php 第 11 行.
NOTIC: [8] Undefined index: nonce /home/red/test/weChat/weChat/Home/Controller/IndexController.class.php 第 12 行.
NOTIC: [8] Undefined index: echostr /home/red/test/weChat/weChat/Home/Controller/IndexController.class.php 第 13 行.
INFO: [ app_end ] --START--
INFO: Run Behavior\ShowPageTraceBehavior [ RunTime:0.000297s ]
INFO: [ app_end ] --END-- [ RunTime:0.000405s ]

[ 2016-10-16T19:02:18+08:00 ] 192.168.99.100 /
INFO: [ app_init ] --START--
INFO: Run Behavior\BuildLiteBehavior [ RunTime:0.000009s ]
INFO: [ app_init ] --END-- [ RunTime:0.000196s ]
INFO: [ app_begin ] --START--
INFO: Run Behavior\ReadHtmlCacheBehavior [ RunTime:0.000231s ]
INFO: [ app_begin ] --END-- [ RunTime:0.000252s ]
NOTIC: [8] Undefined index: signature /home/red/test/weChat/weChat/Home/Controller/IndexController.class.php 第 10 行.
NOTIC: [8] Undefined index: timestamp /home/red/test/weChat/weChat/Home/Controller/IndexController.class.php 第 11 行.
NOTIC: [8] Undefined index: nonce /home/red/test/weChat/weChat/Home/Controller/IndexController.class.php 第 12 行.
NOTIC: [8] Undefined index: echostr /home/red/test/weChat/weChat/Home/Controller/IndexController.class.php 第 13 行.
INFO: [ app_end ] --START--
INFO: Run Behavior\ShowPageTraceBehavior [ RunTime:0.000319s ]
INFO: [ app_end ] --END-- [ RunTime:0.000406s ]

[ 2016-10-16T19:02:21+08:00 ] 192.168.99.100 /
INFO: [ app_init ] --START--
INFO: Run Behavior\BuildLiteBehavior [ RunTime:0.000009s ]
INFO: [ app_init ] --END-- [ RunTime:0.000196s ]
INFO: [ app_begin ] --START--
INFO: Run Behavior\ReadHtmlCacheBehavior [ RunTime:0.000232s ]
INFO: [ app_begin ] --END-- [ RunTime:0.000253s ]
NOTIC: [8] Undefined index: signature /home/red/test/weChat/weChat/Home/Controller/IndexController.class.php 第 10 行.
NOTIC: [8] Undefined index: timestamp /home/red/test/weChat/weChat/Home/Controller/IndexController.class.php 第 11 行.
NOTIC: [8] Undefined index: nonce /home/red/test/weChat/weChat/Home/Controller/IndexController.class.php 第 12 行.
NOTIC: [8] Undefined index: echostr /home/red/test/weChat/weChat/Home/Controller/IndexController.class.php 第 13 行.
INFO: [ app_end ] --START--
INFO: Run Behavior\ShowPageTraceBehavior [ RunTime:0.000390s ]
INFO: [ app_end ] --END-- [ RunTime:0.000452s ]

[ 2016-10-16T19:02:21+08:00 ] 192.168.99.100 /
INFO: [ app_init ] --START--
INFO: Run Behavior\BuildLiteBehavior [ RunTime:0.000008s ]
INFO: [ app_init ] --END-- [ RunTime:0.000193s ]
INFO: [ app_begin ] --START--
INFO: Run Behavior\ReadHtmlCacheBehavior [ RunTime:0.000230s ]
INFO: [ app_begin ] --END-- [ RunTime:0.000267s ]
NOTIC: [8] Undefined index: signature /home/red/test/weChat/weChat/Home/Controller/IndexController.class.php 第 10 行.
NOTIC: [8] Undefined index: timestamp /home/red/test/weChat/weChat/Home/Controller/IndexController.class.php 第 11 行.
NOTIC: [8] Undefined index: nonce /home/red/test/weChat/weChat/Home/Controller/IndexController.class.php 第 12 行.
NOTIC: [8] Undefined index: echostr /home/red/test/weChat/weChat/Home/Controller/IndexController.class.php 第 13 行.
INFO: [ app_end ] --START--
INFO: Run Behavior\ShowPageTraceBehavior [ RunTime:0.000329s ]
INFO: [ app_end ] --END-- [ RunTime:0.000386s ]

[ 2016-10-16T19:02:21+08:00 ] 192.168.99.100 /
INFO: [ app_init ] --START--
INFO: Run Behavior\BuildLiteBehavior [ RunTime:0.000009s ]
INFO: [ app_init ] --END-- [ RunTime:0.000213s ]
INFO: [ app_begin ] --START--
INFO: Run Behavior\ReadHtmlCacheBehavior [ RunTime:0.000234s ]
INFO: [ app_begin ] --END-- [ RunTime:0.000255s ]
NOTIC: [8] Undefined index: signature /home/red/test/weChat/weChat/Home/Controller/IndexController.class.php 第 10 行.
NOTIC: [8] Undefined index: timestamp /home/red/test/weChat/weChat/Home/Controller/IndexController.class.php 第 11 行.
NOTIC: [8] Undefined index: nonce /home/red/test/weChat/weChat/Home/Controller/IndexController.class.php 第 12 行.
NOTIC: [8] Undefined index: echostr /home/red/test/weChat/weChat/Home/Controller/IndexController.class.php 第 13 行.
INFO: [ app_end ] --START--
INFO: Run Behavior\ShowPageTraceBehavior [ RunTime:0.000486s ]
INFO: [ app_end ] --END-- [ RunTime:0.000525s ]

[ 2016-10-16T19:02:21+08:00 ] 192.168.99.100 /
INFO: [ app_init ] --START--
INFO: Run Behavior\BuildLiteBehavior [ RunTime:0.000008s ]
INFO: [ app_init ] --END-- [ RunTime:0.000239s ]
INFO: [ app_begin ] --START--
INFO: Run Behavior\ReadHtmlCacheBehavior [ RunTime:0.000234s ]
INFO: [ app_begin ] --END-- [ RunTime:0.000254s ]
NOTIC: [8] Undefined index: signature /home/red/test/weChat/weChat/Home/Controller/IndexController.class.php 第 10 行.
NOTIC: [8] Undefined index: timestamp /home/red/test/weChat/weChat/Home/Controller/IndexController.class.php 第 11 行.
NOTIC: [8] Undefined index: nonce /home/red/test/weChat/weChat/Home/Controller/IndexController.class.php 第 12 行.
NOTIC: [8] Undefined index: echostr /home/red/test/weChat/weChat/Home/Controller/IndexController.class.php 第 13 行.
INFO: [ app_end ] --START--
INFO: Run Behavior\ShowPageTraceBehavior [ RunTime:0.000424s ]
INFO: [ app_end ] --END-- [ RunTime:0.000464s ]

[ 2016-10-16T19:02:26+08:00 ] 192.168.99.100 /
INFO: [ app_init ] --START--
INFO: Run Behavior\BuildLiteBehavior [ RunTime:0.000009s ]
INFO: [ app_init ] --END-- [ RunTime:0.000195s ]
INFO: [ app_begin ] --START--
INFO: Run Behavior\ReadHtmlCacheBehavior [ RunTime:0.000231s ]
INFO: [ app_begin ] --END-- [ RunTime:0.000252s ]
NOTIC: [8] Undefined index: signature /home/red/test/weChat/weChat/Home/Controller/IndexController.class.php 第 10 行.
NOTIC: [8] Undefined index: timestamp /home/red/test/weChat/weChat/Home/Controller/IndexController.class.php 第 11 行.
NOTIC: [8] Undefined index: nonce /home/red/test/weChat/weChat/Home/Controller/IndexController.class.php 第 12 行.
NOTIC: [8] Undefined index: echostr /home/red/test/weChat/weChat/Home/Controller/IndexController.class.php 第 13 行.
INFO: [ app_end ] --START--
INFO: Run Behavior\ShowPageTraceBehavior [ RunTime:0.000652s ]
INFO: [ app_end ] --END-- [ RunTime:0.000687s ]

[ 2016-10-16T19:02:27+08:00 ] 192.168.99.100 /
INFO: [ app_init ] --START--
INFO: Run Behavior\BuildLiteBehavior [ RunTime:0.000007s ]
INFO: [ app_init ] --END-- [ RunTime:0.000193s ]
INFO: [ app_begin ] --START--
INFO: Run Behavior\ReadHtmlCacheBehavior [ RunTime:0.000233s ]
INFO: [ app_begin ] --END-- [ RunTime:0.000253s ]
NOTIC: [8] Undefined index: signature /home/red/test/weChat/weChat/Home/Controller/IndexController.class.php 第 10 行.
NOTIC: [8] Undefined index: timestamp /home/red/test/weChat/weChat/Home/Controller/IndexController.class.php 第 11 行.
NOTIC: [8] Undefined index: nonce /home/red/test/weChat/weChat/Home/Controller/IndexController.class.php 第 12 行.
NOTIC: [8] Undefined index: echostr /home/red/test/weChat/weChat/Home/Controller/IndexController.class.php 第 13 行.
INFO: [ app_end ] --START--
INFO: Run Behavior\ShowPageTraceBehavior [ RunTime:0.000428s ]
INFO: [ app_end ] --END-- [ RunTime:0.000504s ]

[ 2016-10-16T19:05:12+08:00 ] 192.168.99.8 /
INFO: [ app_init ] --START--
INFO: Run Behavior\BuildLiteBehavior [ RunTime:0.000009s ]
INFO: [ app_init ] --END-- [ RunTime:0.000229s ]
INFO: [ app_begin ] --START--
INFO: Run Behavior\ReadHtmlCacheBehavior [ RunTime:0.000235s ]
INFO: [ app_begin ] --END-- [ RunTime:0.000258s ]
NOTIC: [8] Undefined index: signature /home/red/test/weChat/weChat/Home/Controller/IndexController.class.php 第 10 行.
NOTIC: [8] Undefined index: timestamp /home/red/test/weChat/weChat/Home/Controller/IndexController.class.php 第 11 行.
NOTIC: [8] Undefined index: nonce /home/red/test/weChat/weChat/Home/Controller/IndexController.class.php 第 12 行.
NOTIC: [8] Undefined index: echostr /home/red/test/weChat/weChat/Home/Controller/IndexController.class.php 第 13 行.

[ 2016-10-16T19:05:38+08:00 ] 192.168.99.8 /
INFO: [ app_init ] --START--
INFO: Run Behavior\BuildLiteBehavior [ RunTime:0.000012s ]
INFO: [ app_init ] --END-- [ RunTime:0.000238s ]
INFO: [ app_begin ] --START--
INFO: Run Behavior\ReadHtmlCacheBehavior [ RunTime:0.000291s ]
INFO: [ app_begin ] --END-- [ RunTime:0.000318s ]
NOTIC: [8] Undefined index: signature /home/red/test/weChat/weChat/Home/Controller/IndexController.class.php 第 10 行.
NOTIC: [8] Undefined index: timestamp /home/red/test/weChat/weChat/Home/Controller/IndexController.class.php 第 11 行.
NOTIC: [8] Undefined index: nonce /home/red/test/weChat/weChat/Home/Controller/IndexController.class.php 第 12 行.
NOTIC: [8] Undefined index: echostr /home/red/test/weChat/weChat/Home/Controller/IndexController.class.php 第 13 行.

[ 2016-10-16T19:06:33+08:00 ] 192.168.99.8 /
INFO: [ app_init ] --START--
INFO: Run Behavior\BuildLiteBehavior [ RunTime:0.000009s ]
INFO: [ app_init ] --END-- [ RunTime:0.000197s ]
INFO: [ app_begin ] --START--
INFO: Run Behavior\ReadHtmlCacheBehavior [ RunTime:0.000268s ]
INFO: [ app_begin ] --END-- [ RunTime:0.000291s ]
NOTIC: [8] Undefined index: signature /home/red/test/weChat/weChat/Home/Controller/IndexController.class.php 第 10 行.
NOTIC: [8] Undefined index: timestamp /home/red/test/weChat/weChat/Home/Controller/IndexController.class.php 第 11 行.
NOTIC: [8] Undefined index: nonce /home/red/test/weChat/weChat/Home/Controller/IndexController.class.php 第 12 行.
NOTIC: [8] Undefined index: echostr /home/red/test/weChat/weChat/Home/Controller/IndexController.class.php 第 13 行.

[ 2016-10-16T19:07:02+08:00 ] 192.168.99.8 /
INFO: [ app_init ] --START--
INFO: Run Behavior\BuildLiteBehavior [ RunTime:0.000009s ]
INFO: [ app_init ] --END-- [ RunTime:0.000215s ]
INFO: [ app_begin ] --START--
INFO: Run Behavior\ReadHtmlCacheBehavior [ RunTime:0.000267s ]
INFO: [ app_begin ] --END-- [ RunTime:0.000290s ]
NOTIC: [8] Undefined index: signature /home/red/test/weChat/weChat/Home/Controller/IndexController.class.php 第 10 行.
NOTIC: [8] Undefined index: timestamp /home/red/test/weChat/weChat/Home/Controller/IndexController.class.php 第 11 行.
NOTIC: [8] Undefined index: nonce /home/red/test/weChat/weChat/Home/Controller/IndexController.class.php 第 12 行.
NOTIC: [8] Undefined index: echostr /home/red/test/weChat/weChat/Home/Controller/IndexController.class.php 第 13 行.

[ 2016-10-16T19:07:19+08:00 ] 192.168.99.8 /
INFO: [ app_init ] --START--
INFO: Run Behavior\BuildLiteBehavior [ RunTime:0.000009s ]
INFO: [ app_init ] --END-- [ RunTime:0.000201s ]
INFO: [ app_begin ] --START--
INFO: Run Behavior\ReadHtmlCacheBehavior [ RunTime:0.000237s ]
INFO: [ app_begin ] --END-- [ RunTime:0.000259s ]
NOTIC: [8] Undefined index: signature /home/red/test/weChat/weChat/Home/Controller/IndexController.class.php 第 10 行.
NOTIC: [8] Undefined index: timestamp /home/red/test/weChat/weChat/Home/Controller/IndexController.class.php 第 11 行.
NOTIC: [8] Undefined index: nonce /home/red/test/weChat/weChat/Home/Controller/IndexController.class.php 第 12 行.
NOTIC: [8] Undefined index: echostr /home/red/test/weChat/weChat/Home/Controller/IndexController.class.php 第 13 行.

[ 2016-10-16T19:07:29+08:00 ] 192.168.99.8 /
INFO: [ app_init ] --START--
INFO: Run Behavior\BuildLiteBehavior [ RunTime:0.000008s ]
INFO: [ app_init ] --END-- [ RunTime:0.000196s ]
INFO: [ app_begin ] --START--
INFO: Run Behavior\ReadHtmlCacheBehavior [ RunTime:0.000230s ]
INFO: [ app_begin ] --END-- [ RunTime:0.000251s ]
NOTIC: [8] Undefined index: signature /home/red/test/weChat/weChat/Home/Controller/IndexController.class.php 第 10 行.
NOTIC: [8] Undefined index: timestamp /home/red/test/weChat/weChat/Home/Controller/IndexController.class.php 第 11 行.
NOTIC: [8] Undefined index: nonce /home/red/test/weChat/weChat/Home/Controller/IndexController.class.php 第 12 行.
NOTIC: [8] Undefined index: echostr /home/red/test/weChat/weChat/Home/Controller/IndexController.class.php 第 13 行.
INFO: [ app_end ] --START--
INFO: Run Behavior\ShowPageTraceBehavior [ RunTime:0.000275s ]
INFO: [ app_end ] --END-- [ RunTime:0.000313s ]

[ 2016-10-16T19:08:40+08:00 ] 192.168.99.8 /?signature=758ac902763d734d70d874b3d19f22ba4ac91907&timestamp=1476616120&nonce=1749827236&openid=ot9f5wg8CWeEKwujnX0uHi1HUXQU&encrypt_type=aes&msg_signature=a846ff7e5057ab8e8cc3c7c2d527de5dae2cea6c
INFO: [ app_init ] --START--
INFO: Run Behavior\BuildLiteBehavior [ RunTime:0.000009s ]
INFO: [ app_init ] --END-- [ RunTime:0.000198s ]
INFO: [ app_begin ] --START--
INFO: Run Behavior\ReadHtmlCacheBehavior [ RunTime:0.000231s ]
INFO: [ app_begin ] --END-- [ RunTime:0.000254s ]
NOTIC: [8] Undefined index: echostr /home/red/test/weChat/weChat/Home/Controller/IndexController.class.php 第 13 行.
INFO: [ app_end ] --START--
INFO: Run Behavior\ShowPageTraceBehavior [ RunTime:0.000463s ]
INFO: [ app_end ] --END-- [ RunTime:0.000502s ]

[ 2016-10-16T19:08:47+08:00 ] 192.168.99.8 /?signature=2fd0001930dec3510c2ba4211e625516c11cb0f6&timestamp=1476616127&nonce=75845420&openid=ot9f5wg8CWeEKwujnX0uHi1HUXQU&encrypt_type=aes&msg_signature=0e6287433d8e9671f46472ac782b76d0c618b589
INFO: [ app_init ] --START--
INFO: Run Behavior\BuildLiteBehavior [ RunTime:0.000010s ]
INFO: [ app_init ] --END-- [ RunTime:0.000222s ]
INFO: [ app_begin ] --START--
INFO: Run Behavior\ReadHtmlCacheBehavior [ RunTime:0.000274s ]
INFO: [ app_begin ] --END-- [ RunTime:0.000297s ]
NOTIC: [8] Undefined index: echostr /home/red/test/weChat/weChat/Home/Controller/IndexController.class.php 第 13 行.
INFO: [ app_end ] --START--
INFO: Run Behavior\ShowPageTraceBehavior [ RunTime:0.000263s ]
INFO: [ app_end ] --END-- [ RunTime:0.000296s ]

[ 2016-10-16T19:08:59+08:00 ] 192.168.99.8 /?signature=ffeefaa7a98d841ccd7295c7f1d7dc73f4e9a0ea&timestamp=1476616139&nonce=1718189823&openid=o8SEYwhNzG-hPuEjw_kjxb9nZ1aA
INFO: [ app_init ] --START--
INFO: Run Behavior\BuildLiteBehavior [ RunTime:0.000010s ]
INFO: [ app_init ] --END-- [ RunTime:0.000238s ]
INFO: [ app_begin ] --START--
INFO: Run Behavior\ReadHtmlCacheBehavior [ RunTime:0.000235s ]
INFO: [ app_begin ] --END-- [ RunTime:0.000256s ]
NOTIC: [8] Undefined index: echostr /home/red/test/weChat/weChat/Home/Controller/IndexController.class.php 第 13 行.
INFO: [ app_end ] --START--
INFO: Run Behavior\ShowPageTraceBehavior [ RunTime:0.000444s ]
INFO: [ app_end ] --END-- [ RunTime:0.000483s ]

[ 2016-10-16T19:11:28+08:00 ] 192.168.99.8 /?signature=1aad199c135a0b8107f0913a3314c558a8c10096&timestamp=1476616287&nonce=2083242834&openid=o8SEYwhNzG-hPuEjw_kjxb9nZ1aA
INFO: [ app_init ] --START--
INFO: Run Behavior\BuildLiteBehavior [ RunTime:0.000009s ]
INFO: [ app_init ] --END-- [ RunTime:0.000219s ]
INFO: [ app_begin ] --START--
INFO: Run Behavior\ReadHtmlCacheBehavior [ RunTime:0.000238s ]
INFO: [ app_begin ] --END-- [ RunTime:0.000260s ]
NOTIC: [8] Undefined index: echostr /home/red/test/weChat/weChat/Home/Controller/IndexController.class.php 第 13 行.
INFO: [ app_end ] --START--
INFO: Run Behavior\ShowPageTraceBehavior [ RunTime:0.000383s ]
INFO: [ app_end ] --END-- [ RunTime:0.000425s ]

[ 2016-10-16T19:11:45+08:00 ] 192.168.99.8 /
INFO: [ app_init ] --START--
INFO: Run Behavior\BuildLiteBehavior [ RunTime:0.000008s ]
INFO: [ app_init ] --END-- [ RunTime:0.000195s ]
INFO: [ app_begin ] --START--
INFO: Run Behavior\ReadHtmlCacheBehavior [ RunTime:0.000297s ]
INFO: [ app_begin ] --END-- [ RunTime:0.000324s ]
NOTIC: [8] Undefined index: signature /home/red/test/weChat/weChat/Home/Controller/IndexController.class.php 第 10 行.
NOTIC: [8] Undefined index: timestamp /home/red/test/weChat/weChat/Home/Controller/IndexController.class.php 第 11 行.
NOTIC: [8] Undefined index: nonce /home/red/test/weChat/weChat/Home/Controller/IndexController.class.php 第 12 行.
NOTIC: [8] Undefined index: echostr /home/red/test/weChat/weChat/Home/Controller/IndexController.class.php 第 13 行.
INFO: [ app_end ] --START--
INFO: Run Behavior\ShowPageTraceBehavior [ RunTime:0.000289s ]
INFO: [ app_end ] --END-- [ RunTime:0.000324s ]

[ 2016-10-16T21:15:17+08:00 ] 192.168.99.8 /?signature=3afc59cda38ce2b77e1678f27b0d1ccc8a0609a5&timestamp=1476623717&nonce=249460998&openid=o8SEYwhNzG-hPuEjw_kjxb9nZ1aA
INFO: [ app_init ] --START--
INFO: Run Behavior\BuildLiteBehavior [ RunTime:0.000051s ]
INFO: [ app_init ] --END-- [ RunTime:0.000359s ]
INFO: [ app_begin ] --START--
INFO: Run Behavior\ReadHtmlCacheBehavior [ RunTime:0.000252s ]
INFO: [ app_begin ] --END-- [ RunTime:0.000277s ]
NOTIC: [8] Undefined index: echostr /home/red/test/weChat/weChat/Home/Controller/IndexController.class.php 第 13 行.
NOTIC: [8] Undefined variable: Content /home/red/test/weChat/weChat/Home/Model/indexModel.class.php 第 47 行.
INFO: [ app_end ] --START--
INFO: Run Behavior\ShowPageTraceBehavior [ RunTime:0.000372s ]
INFO: [ app_end ] --END-- [ RunTime:0.000411s ]

[ 2016-10-16T21:15:33+08:00 ] 192.168.99.8 /?signature=ae75a1e7b2af8365015d81c0db0d581a0fa242f3&timestamp=1476623733&nonce=1397706078&openid=ot9f5wg8CWeEKwujnX0uHi1HUXQU&encrypt_type=aes&msg_signature=0643dea2ab519e5373faba45760a46250f2ae390
INFO: [ app_init ] --START--
INFO: Run Behavior\BuildLiteBehavior [ RunTime:0.000008s ]
INFO: [ app_init ] --END-- [ RunTime:0.000205s ]
INFO: [ app_begin ] --START--
INFO: Run Behavior\ReadHtmlCacheBehavior [ RunTime:0.000273s ]
INFO: [ app_begin ] --END-- [ RunTime:0.000295s ]
NOTIC: [8] Undefined index: echostr /home/red/test/weChat/weChat/Home/Controller/IndexController.class.php 第 13 行.
INFO: [ app_end ] --START--
INFO: Run Behavior\ShowPageTraceBehavior [ RunTime:0.000367s ]
INFO: [ app_end ] --END-- [ RunTime:0.000403s ]

[ 2016-10-16T21:15:57+08:00 ] 192.168.99.8 /?signature=e2b4bc6e213459b01c0585cff2277197e76dab11&timestamp=1476623757&nonce=252889053&openid=ot9f5wg8CWeEKwujnX0uHi1HUXQU&encrypt_type=aes&msg_signature=0975f9245a2482153ef40ba158da6150fbe76abf
INFO: [ app_init ] --START--
INFO: Run Behavior\BuildLiteBehavior [ RunTime:0.000035s ]
INFO: [ app_init ] --END-- [ RunTime:0.000233s ]
INFO: [ app_begin ] --START--
INFO: Run Behavior\ReadHtmlCacheBehavior [ RunTime:0.000241s ]
INFO: [ app_begin ] --END-- [ RunTime:0.000264s ]
NOTIC: [8] Undefined index: echostr /home/red/test/weChat/weChat/Home/Controller/IndexController.class.php 第 13 行.
INFO: [ app_end ] --START--
INFO: Run Behavior\ShowPageTraceBehavior [ RunTime:0.000325s ]
INFO: [ app_end ] --END-- [ RunTime:0.000365s ]

[ 2016-10-16T21:16:10+08:00 ] 192.168.99.8 /?signature=69a626e94abc6122d807b325d024a59c176bbac6&timestamp=1476623770&nonce=1112570703&openid=o8SEYwhNzG-hPuEjw_kjxb9nZ1aA
INFO: [ app_init ] --START--
INFO: Run Behavior\BuildLiteBehavior [ RunTime:0.000008s ]
INFO: [ app_init ] --END-- [ RunTime:0.000199s ]
INFO: [ app_begin ] --START--
INFO: Run Behavior\ReadHtmlCacheBehavior [ RunTime:0.000231s ]
INFO: [ app_begin ] --END-- [ RunTime:0.000263s ]
NOTIC: [8] Undefined index: echostr /home/red/test/weChat/weChat/Home/Controller/IndexController.class.php 第 13 行.
INFO: [ app_end ] --START--
INFO: Run Behavior\ShowPageTraceBehavior [ RunTime:0.000414s ]
INFO: [ app_end ] --END-- [ RunTime:0.000472s ]

[ 2016-10-16T21:16:15+08:00 ] 192.168.99.8 /?signature=0cf80d52f5157ca38d50cbf7a281a8749b9607a4&timestamp=1476623775&nonce=566336350&openid=o8SEYwhNzG-hPuEjw_kjxb9nZ1aA
INFO: [ app_init ] --START--
INFO: Run Behavior\BuildLiteBehavior [ RunTime:0.000008s ]
INFO: [ app_init ] --END-- [ RunTime:0.000197s ]
INFO: [ app_begin ] --START--
INFO: Run Behavior\ReadHtmlCacheBehavior [ RunTime:0.000315s ]
INFO: [ app_begin ] --END-- [ RunTime:0.000339s ]
NOTIC: [8] Undefined index: echostr /home/red/test/weChat/weChat/Home/Controller/IndexController.class.php 第 13 行.
INFO: [ app_end ] --START--
INFO: Run Behavior\ShowPageTraceBehavior [ RunTime:0.000310s ]
INFO: [ app_end ] --END-- [ RunTime:0.000348s ]

[ 2016-10-16T21:28:26+08:00 ] 192.168.99.8 /?signature=fdbd5db59775c7cb1574b94e7cb33b108f385211&timestamp=1476624506&nonce=838738149&openid=o8SEYwhNzG-hPuEjw_kjxb9nZ1aA
INFO: [ app_init ] --START--
INFO: Run Behavior\BuildLiteBehavior [ RunTime:0.000009s ]
INFO: [ app_init ] --END-- [ RunTime:0.000252s ]
INFO: [ app_begin ] --START--
INFO: Run Behavior\ReadHtmlCacheBehavior [ RunTime:0.000292s ]
INFO: [ app_begin ] --END-- [ RunTime:0.000316s ]
NOTIC: [8] Undefined index: echostr /home/red/test/weChat/weChat/Home/Controller/IndexController.class.php 第 13 行.
INFO: [ app_end ] --START--
INFO: Run Behavior\ShowPageTraceBehavior [ RunTime:0.000349s ]
INFO: [ app_end ] --END-- [ RunTime:0.000388s ]

[ 2016-10-16T22:53:50+08:00 ] 192.168.99.8 /?signature=ba4c9ba08fb83777ed05254c6a99c6e1ffbc5504&timestamp=1476629630&nonce=1798739910&openid=ot9f5wg8CWeEKwujnX0uHi1HUXQU&encrypt_type=aes&msg_signature=9b28ab83a80ddd58e75ecefba61f5d03362871a8
INFO: [ app_init ] --START--
INFO: Run Behavior\BuildLiteBehavior [ RunTime:0.000008s ]
INFO: [ app_init ] --END-- [ RunTime:0.000218s ]
INFO: [ app_begin ] --START--
INFO: Run Behavior\ReadHtmlCacheBehavior [ RunTime:0.000302s ]
INFO: [ app_begin ] --END-- [ RunTime:0.000326s ]
NOTIC: [8] Undefined index: echostr /home/red/test/weChat/weChat/Home/Controller/IndexController.class.php 第 13 行.
INFO: [ app_end ] --START--
INFO: Run Behavior\ShowPageTraceBehavior [ RunTime:0.000422s ]
INFO: [ app_end ] --END-- [ RunTime:0.000479s ]

[ 2016-10-16T22:54:31+08:00 ] 192.168.99.8 /?signature=c96041cc5f5f97004030350a193c263a380f7c40&timestamp=1476629671&nonce=1494475198&openid=ot9f5wg8CWeEKwujnX0uHi1HUXQU&encrypt_type=aes&msg_signature=819a43663635c8c9f115f3bc2b6fd5e6350066bb
INFO: [ app_init ] --START--
INFO: Run Behavior\BuildLiteBehavior [ RunTime:0.000009s ]
INFO: [ app_init ] --END-- [ RunTime:0.000211s ]
INFO: [ app_begin ] --START--
INFO: Run Behavior\ReadHtmlCacheBehavior [ RunTime:0.000236s ]
INFO: [ app_begin ] --END-- [ RunTime:0.000259s ]
NOTIC: [8] Undefined index: echostr /home/red/test/weChat/weChat/Home/Controller/IndexController.class.php 第 13 行.
INFO: [ app_end ] --START--
INFO: Run Behavior\ShowPageTraceBehavior [ RunTime:0.000319s ]
INFO: [ app_end ] --END-- [ RunTime:0.000360s ]

[ 2016-10-16T23:00:21+08:00 ] 192.168.99.8 /?signature=ba967e72b66b8db5ca2152542f4370dff2baf451&timestamp=1476630021&nonce=1025506316&openid=ot9f5wg8CWeEKwujnX0uHi1HUXQU&encrypt_type=aes&msg_signature=df4eff4b030b381a545238cc8263109f66408e6d
INFO: [ app_init ] --START--
INFO: Run Behavior\BuildLiteBehavior [ RunTime:0.000009s ]
INFO: [ app_init ] --END-- [ RunTime:0.000196s ]
INFO: [ app_begin ] --START--
INFO: Run Behavior\ReadHtmlCacheBehavior [ RunTime:0.000274s ]
INFO: [ app_begin ] --END-- [ RunTime:0.000298s ]

[ 2016-10-16T23:00:32+08:00 ] ::1 /
INFO: [ app_init ] --START--
INFO: Run Behavior\BuildLiteBehavior [ RunTime:0.000016s ]
INFO: [ app_init ] --END-- [ RunTime:0.000353s ]
INFO: [ app_begin ] --START--
INFO: Run Behavior\ReadHtmlCacheBehavior [ RunTime:0.000436s ]
INFO: [ app_begin ] --END-- [ RunTime:0.000482s ]

[ 2016-10-16T23:01:32+08:00 ] ::1 /
INFO: [ app_init ] --START--
INFO: Run Behavior\BuildLiteBehavior [ RunTime:0.000024s ]
INFO: [ app_init ] --END-- [ RunTime:0.000574s ]
INFO: [ app_begin ] --START--
INFO: Run Behavior\ReadHtmlCacheBehavior [ RunTime:0.000512s ]
INFO: [ app_begin ] --END-- [ RunTime:0.000577s ]

[ 2016-10-16T23:01:40+08:00 ] ::1 /
INFO: [ app_init ] --START--
INFO: Run Behavior\BuildLiteBehavior [ RunTime:0.000012s ]
INFO: [ app_init ] --END-- [ RunTime:0.000348s ]
INFO: [ app_begin ] --START--
INFO: Run Behavior\ReadHtmlCacheBehavior [ RunTime:0.000501s ]
INFO: [ app_begin ] --END-- [ RunTime:0.000554s ]

[ 2016-10-16T23:07:27+08:00 ] ::1 /
INFO: [ app_init ] --START--
INFO: Run Behavior\BuildLiteBehavior [ RunTime:0.000010s ]
INFO: [ app_init ] --END-- [ RunTime:0.000242s ]
INFO: [ app_begin ] --START--
INFO: Run Behavior\ReadHtmlCacheBehavior [ RunTime:0.000253s ]
INFO: [ app_begin ] --END-- [ RunTime:0.000275s ]

[ 2016-10-16T23:07:44+08:00 ] 192.168.99.8 /?signature=4ee37b8f7f4331ece850a864da54632527aa810c&timestamp=1476630463&nonce=940880107&openid=ot9f5wg8CWeEKwujnX0uHi1HUXQU&encrypt_type=aes&msg_signature=f31eb8810da1415990aad6444003845374483e56
INFO: [ app_init ] --START--
INFO: Run Behavior\BuildLiteBehavior [ RunTime:0.000008s ]
INFO: [ app_init ] --END-- [ RunTime:0.000192s ]
INFO: [ app_begin ] --START--
INFO: Run Behavior\ReadHtmlCacheBehavior [ RunTime:0.000230s ]
INFO: [ app_begin ] --END-- [ RunTime:0.000260s ]

[ 2016-10-16T23:08:02+08:00 ] ::1 /
INFO: [ app_init ] --START--
INFO: Run Behavior\BuildLiteBehavior [ RunTime:0.000020s ]
INFO: [ app_init ] --END-- [ RunTime:0.000585s ]
INFO: [ app_begin ] --START--
INFO: Run Behavior\ReadHtmlCacheBehavior [ RunTime:0.000372s ]
INFO: [ app_begin ] --END-- [ RunTime:0.000411s ]
NOTIC: [8] Undefined index: signature /home/red/test/weChat/weChat/Home/Controller/IndexController.class.php 第 12 行.
NOTIC: [8] Undefined index: timestamp /home/red/test/weChat/weChat/Home/Controller/IndexController.class.php 第 13 行.
NOTIC: [8] Undefined index: nonce /home/red/test/weChat/weChat/Home/Controller/IndexController.class.php 第 14 行.
NOTIC: [8] Undefined index: echostr /home/red/test/weChat/weChat/Home/Controller/IndexController.class.php 第 15 行.
INFO: [ app_end ] --START--
INFO: Run Behavior\ShowPageTraceBehavior [ RunTime:0.000743s ]
INFO: [ app_end ] --END-- [ RunTime:0.000830s ]

[ 2016-10-16T23:08:03+08:00 ] ::1 /
INFO: [ app_init ] --START--
INFO: Run Behavior\BuildLiteBehavior [ RunTime:0.000016s ]
INFO: [ app_init ] --END-- [ RunTime:0.000355s ]
INFO: [ app_begin ] --START--
INFO: Run Behavior\ReadHtmlCacheBehavior [ RunTime:0.000306s ]
INFO: [ app_begin ] --END-- [ RunTime:0.000344s ]
NOTIC: [8] Undefined index: signature /home/red/test/weChat/weChat/Home/Controller/IndexController.class.php 第 12 行.
NOTIC: [8] Undefined index: timestamp /home/red/test/weChat/weChat/Home/Controller/IndexController.class.php 第 13 行.
NOTIC: [8] Undefined index: nonce /home/red/test/weChat/weChat/Home/Controller/IndexController.class.php 第 14 行.
NOTIC: [8] Undefined index: echostr /home/red/test/weChat/weChat/Home/Controller/IndexController.class.php 第 15 行.
INFO: [ app_end ] --START--
INFO: Run Behavior\ShowPageTraceBehavior [ RunTime:0.000755s ]
INFO: [ app_end ] --END-- [ RunTime:0.000819s ]

[ 2016-10-16T23:08:03+08:00 ] ::1 /
INFO: [ app_init ] --START--
INFO: Run Behavior\BuildLiteBehavior [ RunTime:0.000013s ]
INFO: [ app_init ] --END-- [ RunTime:0.000335s ]
INFO: [ app_begin ] --START--
INFO: Run Behavior\ReadHtmlCacheBehavior [ RunTime:0.000316s ]
INFO: [ app_begin ] --END-- [ RunTime:0.000338s ]
NOTIC: [8] Undefined index: signature /home/red/test/weChat/weChat/Home/Controller/IndexController.class.php 第 12 行.
NOTIC: [8] Undefined index: timestamp /home/red/test/weChat/weChat/Home/Controller/IndexController.class.php 第 13 行.
NOTIC: [8] Undefined index: nonce /home/red/test/weChat/weChat/Home/Controller/IndexController.class.php 第 14 行.
NOTIC: [8] Undefined index: echostr /home/red/test/weChat/weChat/Home/Controller/IndexController.class.php 第 15 行.
INFO: [ app_end ] --START--
INFO: Run Behavior\ShowPageTraceBehavior [ RunTime:0.000596s ]
INFO: [ app_end ] --END-- [ RunTime:0.000636s ]

[ 2016-10-16T23:08:03+08:00 ] ::1 /
INFO: [ app_init ] --START--
INFO: Run Behavior\BuildLiteBehavior [ RunTime:0.000013s ]
INFO: [ app_init ] --END-- [ RunTime:0.000257s ]
INFO: [ app_begin ] --START--
INFO: Run Behavior\ReadHtmlCacheBehavior [ RunTime:0.000290s ]
INFO: [ app_begin ] --END-- [ RunTime:0.000322s ]
NOTIC: [8] Undefined index: signature /home/red/test/weChat/weChat/Home/Controller/IndexController.class.php 第 12 行.
NOTIC: [8] Undefined index: timestamp /home/red/test/weChat/weChat/Home/Controller/IndexController.class.php 第 13 行.
NOTIC: [8] Undefined index: nonce /home/red/test/weChat/weChat/Home/Controller/IndexController.class.php 第 14 行.
NOTIC: [8] Undefined index: echostr /home/red/test/weChat/weChat/Home/Controller/IndexController.class.php 第 15 行.
INFO: [ app_end ] --START--
INFO: Run Behavior\ShowPageTraceBehavior [ RunTime:0.000708s ]
INFO: [ app_end ] --END-- [ RunTime:0.000777s ]

[ 2016-10-16T23:08:04+08:00 ] ::1 /
INFO: [ app_init ] --START--
INFO: Run Behavior\BuildLiteBehavior [ RunTime:0.000015s ]
INFO: [ app_init ] --END-- [ RunTime:0.000307s ]
INFO: [ app_begin ] --START--
INFO: Run Behavior\ReadHtmlCacheBehavior [ RunTime:0.000406s ]
INFO: [ app_begin ] --END-- [ RunTime:0.000442s ]
NOTIC: [8] Undefined index: signature /home/red/test/weChat/weChat/Home/Controller/IndexController.class.php 第 12 行.
NOTIC: [8] Undefined index: timestamp /home/red/test/weChat/weChat/Home/Controller/IndexController.class.php 第 13 行.
NOTIC: [8] Undefined index: nonce /home/red/test/weChat/weChat/Home/Controller/IndexController.class.php 第 14 行.
NOTIC: [8] Undefined index: echostr /home/red/test/weChat/weChat/Home/Controller/IndexController.class.php 第 15 行.
INFO: [ app_end ] --START--
INFO: Run Behavior\ShowPageTraceBehavior [ RunTime:0.000663s ]
INFO: [ app_end ] --END-- [ RunTime:0.000816s ]

[ 2016-10-16T23:08:04+08:00 ] ::1 /
INFO: [ app_init ] --START--
INFO: Run Behavior\BuildLiteBehavior [ RunTime:0.000014s ]
INFO: [ app_init ] --END-- [ RunTime:0.000266s ]
INFO: [ app_begin ] --START--
INFO: Run Behavior\ReadHtmlCacheBehavior [ RunTime:0.000317s ]
INFO: [ app_begin ] --END-- [ RunTime:0.000352s ]
NOTIC: [8] Undefined index: signature /home/red/test/weChat/weChat/Home/Controller/IndexController.class.php 第 12 行.
NOTIC: [8] Undefined index: timestamp /home/red/test/weChat/weChat/Home/Controller/IndexController.class.php 第 13 行.
NOTIC: [8] Undefined index: nonce /home/red/test/weChat/weChat/Home/Controller/IndexController.class.php 第 14 行.
NOTIC: [8] Undefined index: echostr /home/red/test/weChat/weChat/Home/Controller/IndexController.class.php 第 15 行.
INFO: [ app_end ] --START--
INFO: Run Behavior\ShowPageTraceBehavior [ RunTime:0.000877s ]
INFO: [ app_end ] --END-- [ RunTime:0.001186s ]

[ 2016-10-16T23:08:04+08:00 ] ::1 /
INFO: [ app_init ] --START--
INFO: Run Behavior\BuildLiteBehavior [ RunTime:0.000013s ]
INFO: [ app_init ] --END-- [ RunTime:0.000281s ]
INFO: [ app_begin ] --START--
INFO: Run Behavior\ReadHtmlCacheBehavior [ RunTime:0.000394s ]
INFO: [ app_begin ] --END-- [ RunTime:0.000450s ]
NOTIC: [8] Undefined index: signature /home/red/test/weChat/weChat/Home/Controller/IndexController.class.php 第 12 行.
NOTIC: [8] Undefined index: timestamp /home/red/test/weChat/weChat/Home/Controller/IndexController.class.php 第 13 行.
NOTIC: [8] Undefined index: nonce /home/red/test/weChat/weChat/Home/Controller/IndexController.class.php 第 14 行.
NOTIC: [8] Undefined index: echostr /home/red/test/weChat/weChat/Home/Controller/IndexController.class.php 第 15 行.
INFO: [ app_end ] --START--
INFO: Run Behavior\ShowPageTraceBehavior [ RunTime:0.000543s ]
INFO: [ app_end ] --END-- [ RunTime:0.000582s ]

[ 2016-10-16T23:08:04+08:00 ] ::1 /
INFO: [ app_init ] --START--
INFO: Run Behavior\BuildLiteBehavior [ RunTime:0.000015s ]
INFO: [ app_init ] --END-- [ RunTime:0.000414s ]
INFO: [ app_begin ] --START--
INFO: Run Behavior\ReadHtmlCacheBehavior [ RunTime:0.000651s ]
INFO: [ app_begin ] --END-- [ RunTime:0.000720s ]
NOTIC: [8] Undefined index: signature /home/red/test/weChat/weChat/Home/Controller/IndexController.class.php 第 12 行.
NOTIC: [8] Undefined index: timestamp /home/red/test/weChat/weChat/Home/Controller/IndexController.class.php 第 13 行.
NOTIC: [8] Undefined index: nonce /home/red/test/weChat/weChat/Home/Controller/IndexController.class.php 第 14 行.
NOTIC: [8] Undefined index: echostr /home/red/test/weChat/weChat/Home/Controller/IndexController.class.php 第 15 行.
INFO: [ app_end ] --START--
INFO: Run Behavior\ShowPageTraceBehavior [ RunTime:0.000609s ]
INFO: [ app_end ] --END-- [ RunTime:0.000659s ]

[ 2016-10-16T23:08:10+08:00 ] 192.168.99.8 /
INFO: [ app_init ] --START--
INFO: Run Behavior\BuildLiteBehavior [ RunTime:0.000009s ]
INFO: [ app_init ] --END-- [ RunTime:0.000206s ]
INFO: [ app_begin ] --START--
INFO: Run Behavior\ReadHtmlCacheBehavior [ RunTime:0.000243s ]
INFO: [ app_begin ] --END-- [ RunTime:0.000264s ]
NOTIC: [8] Undefined index: signature /home/red/test/weChat/weChat/Home/Controller/IndexController.class.php 第 12 行.
NOTIC: [8] Undefined index: timestamp /home/red/test/weChat/weChat/Home/Controller/IndexController.class.php 第 13 行.
NOTIC: [8] Undefined index: nonce /home/red/test/weChat/weChat/Home/Controller/IndexController.class.php 第 14 行.
NOTIC: [8] Undefined index: echostr /home/red/test/weChat/weChat/Home/Controller/IndexController.class.php 第 15 行.
INFO: [ app_end ] --START--
INFO: Run Behavior\ShowPageTraceBehavior [ RunTime:0.000457s ]
INFO: [ app_end ] --END-- [ RunTime:0.000492s ]

[ 2016-10-16T23:08:14+08:00 ] 192.168.99.8 /
INFO: [ app_init ] --START--
INFO: Run Behavior\BuildLiteBehavior [ RunTime:0.000009s ]
INFO: [ app_init ] --END-- [ RunTime:0.000200s ]
INFO: [ app_begin ] --START--
INFO: Run Behavior\ReadHtmlCacheBehavior [ RunTime:0.000262s ]
INFO: [ app_begin ] --END-- [ RunTime:0.000285s ]
NOTIC: [8] Undefined index: signature /home/red/test/weChat/weChat/Home/Controller/IndexController.class.php 第 12 行.
NOTIC: [8] Undefined index: timestamp /home/red/test/weChat/weChat/Home/Controller/IndexController.class.php 第 13 行.
NOTIC: [8] Undefined index: nonce /home/red/test/weChat/weChat/Home/Controller/IndexController.class.php 第 14 行.
NOTIC: [8] Undefined index: echostr /home/red/test/weChat/weChat/Home/Controller/IndexController.class.php 第 15 行.
INFO: [ app_end ] --START--
INFO: Run Behavior\ShowPageTraceBehavior [ RunTime:0.000776s ]
INFO: [ app_end ] --END-- [ RunTime:0.000833s ]

[ 2016-10-16T23:08:23+08:00 ] 192.168.99.8 /?signature=aae27b766a725a93b780d0ff31812b38d7605b3e&timestamp=1476630503&nonce=21666224&openid=ot9f5wg8CWeEKwujnX0uHi1HUXQU&encrypt_type=aes&msg_signature=c60ae703d1c040f7b60dfd554e6d2476667f0f3b
INFO: [ app_init ] --START--
INFO: Run Behavior\BuildLiteBehavior [ RunTime:0.000008s ]
INFO: [ app_init ] --END-- [ RunTime:0.000200s ]
INFO: [ app_begin ] --START--
INFO: Run Behavior\ReadHtmlCacheBehavior [ RunTime:0.000238s ]
INFO: [ app_begin ] --END-- [ RunTime:0.000260s ]
NOTIC: [8] Undefined index: echostr /home/red/test/weChat/weChat/Home/Controller/IndexController.class.php 第 15 行.
INFO: [ app_end ] --START--
INFO: Run Behavior\ShowPageTraceBehavior [ RunTime:0.000412s ]
INFO: [ app_end ] --END-- [ RunTime:0.000457s ]

[ 2016-10-16T23:11:50+08:00 ] 192.168.99.8 /
INFO: [ app_init ] --START--
INFO: Run Behavior\BuildLiteBehavior [ RunTime:0.000021s ]
INFO: [ app_init ] --END-- [ RunTime:0.000662s ]
INFO: [ app_begin ] --START--
INFO: Run Behavior\ReadHtmlCacheBehavior [ RunTime:0.000542s ]
INFO: [ app_begin ] --END-- [ RunTime:0.000605s ]
NOTIC: [8] Undefined index: signature /home/red/test/weChat/weChat/Home/Controller/IndexController.class.php 第 12 行.
NOTIC: [8] Undefined index: timestamp /home/red/test/weChat/weChat/Home/Controller/IndexController.class.php 第 13 行.
NOTIC: [8] Undefined index: nonce /home/red/test/weChat/weChat/Home/Controller/IndexController.class.php 第 14 行.
NOTIC: [8] Undefined index: echostr /home/red/test/weChat/weChat/Home/Controller/IndexController.class.php 第 15 行.
INFO: [ app_end ] --START--
INFO: Run Behavior\ShowPageTraceBehavior [ RunTime:0.000752s ]
INFO: [ app_end ] --END-- [ RunTime:0.000828s ]

[ 2016-10-16T23:12:27+08:00 ] 192.168.99.8 /
INFO: [ app_init ] --START--
INFO: Run Behavior\BuildLiteBehavior [ RunTime:0.000013s ]
INFO: [ app_init ] --END-- [ RunTime:0.000281s ]
INFO: [ app_begin ] --START--
INFO: Run Behavior\ReadHtmlCacheBehavior [ RunTime:0.000466s ]
INFO: [ app_begin ] --END-- [ RunTime:0.000519s ]

[ 2016-10-16T23:13:08+08:00 ] 192.168.99.8 /?signature=5201f10d2682e836201d9bf8c044ae1b9b30c943&timestamp=1476630788&nonce=627930857&openid=ot9f5wg8CWeEKwujnX0uHi1HUXQU&encrypt_type=aes&msg_signature=8b33d63fe8384a5d68203de56307586307e75603
INFO: [ app_init ] --START--
INFO: Run Behavior\BuildLiteBehavior [ RunTime:0.000009s ]
INFO: [ app_init ] --END-- [ RunTime:0.000232s ]
INFO: [ app_begin ] --START--
INFO: Run Behavior\ReadHtmlCacheBehavior [ RunTime:0.000356s ]
INFO: [ app_begin ] --END-- [ RunTime:0.000381s ]

[ 2016-10-16T23:13:11+08:00 ] 192.168.99.8 /?signature=877d87c65c0d6a63bdb59eb239c404b1f6f6afd3&timestamp=1476630790&nonce=806343748&openid=ot9f5wg8CWeEKwujnX0uHi1HUXQU&encrypt_type=aes&msg_signature=bc71002e3311f3109c303a3d2b26ec27452b7e4e
INFO: [ app_init ] --START--
INFO: Run Behavior\BuildLiteBehavior [ RunTime:0.000009s ]
INFO: [ app_init ] --END-- [ RunTime:0.000196s ]
INFO: [ app_begin ] --START--
INFO: Run Behavior\ReadHtmlCacheBehavior [ RunTime:0.000270s ]
INFO: [ app_begin ] --END-- [ RunTime:0.000292s ]

[ 2016-10-16T23:13:31+08:00 ] 192.168.99.8 /?signature=b3bf5e19687f2da9b83aa77c2b6ce995d606b69c&timestamp=1476630811&nonce=1702203169&openid=ot9f5wg8CWeEKwujnX0uHi1HUXQU&encrypt_type=aes&msg_signature=c9dd19bd19de1b2b45a5b6b30c5fdaf1477c4328
INFO: [ app_init ] --START--
INFO: Run Behavior\BuildLiteBehavior [ RunTime:0.000009s ]
INFO: [ app_init ] --END-- [ RunTime:0.000210s ]
INFO: [ app_begin ] --START--
INFO: Run Behavior\ReadHtmlCacheBehavior [ RunTime:0.000230s ]
INFO: [ app_begin ] --END-- [ RunTime:0.000252s ]
NOTIC: [8] Undefined index: echostr /home/red/test/weChat/weChat/Home/Controller/IndexController.class.php 第 15 行.
INFO: [ app_end ] --START--
INFO: Run Behavior\ShowPageTraceBehavior [ RunTime:0.000369s ]
INFO: [ app_end ] --END-- [ RunTime:0.000437s ]

[ 2016-10-16T23:13:36+08:00 ] 192.168.99.8 /?signature=8633be798fc753f3934d0865c3b051eea07d284f&timestamp=1476630816&nonce=1177287111&openid=ot9f5wg8CWeEKwujnX0uHi1HUXQU&encrypt_type=aes&msg_signature=68dbbbb7c40723e05e0964f8abbc4010f3be2cc6
INFO: [ app_init ] --START--
INFO: Run Behavior\BuildLiteBehavior [ RunTime:0.000009s ]
INFO: [ app_init ] --END-- [ RunTime:0.000199s ]
INFO: [ app_begin ] --START--
INFO: Run Behavior\ReadHtmlCacheBehavior [ RunTime:0.000328s ]
INFO: [ app_begin ] --END-- [ RunTime:0.000352s ]
NOTIC: [8] Undefined index: echostr /home/red/test/weChat/weChat/Home/Controller/IndexController.class.php 第 15 行.
INFO: [ app_end ] --START--
INFO: Run Behavior\ShowPageTraceBehavior [ RunTime:0.000447s ]
INFO: [ app_end ] --END-- [ RunTime:0.000485s ]

[ 2016-10-16T23:14:27+08:00 ] 192.168.99.8 /?signature=96e082de01906ad4cab63359db9c9cfa05eb6786&timestamp=1476630867&nonce=1258109736&openid=ot9f5wg8CWeEKwujnX0uHi1HUXQU&encrypt_type=aes&msg_signature=67b8e4afc496674392ece789ccb25dd71d412686
INFO: [ app_init ] --START--
INFO: Run Behavior\BuildLiteBehavior [ RunTime:0.000010s ]
INFO: [ app_init ] --END-- [ RunTime:0.000236s ]
INFO: [ app_begin ] --START--
INFO: Run Behavior\ReadHtmlCacheBehavior [ RunTime:0.000269s ]
INFO: [ app_begin ] --END-- [ RunTime:0.000292s ]
NOTIC: [8] Undefined index: echostr /home/red/test/weChat/weChat/Home/Controller/IndexController.class.php 第 15 行.
NOTIC: [2] date() expects parameter 2 to be integer, object given /home/red/test/weChat/weChat/Home/Model/indexModel.class.php 第 29 行.
INFO: [ app_end ] --START--
INFO: Run Behavior\ShowPageTraceBehavior [ RunTime:0.000355s ]
INFO: [ app_end ] --END-- [ RunTime:0.000393s ]

[ 2016-10-16T23:15:57+08:00 ] 192.168.99.8 /?signature=c7d456b75cf331c85a93e0ecaa8c342d04319303&timestamp=1476630957&nonce=1679829127&openid=ot9f5wg8CWeEKwujnX0uHi1HUXQU&encrypt_type=aes&msg_signature=1acdf0a248b39927981b39f4a4b45e77d6f3e22c
INFO: [ app_init ] --START--
INFO: Run Behavior\BuildLiteBehavior [ RunTime:0.000009s ]
INFO: [ app_init ] --END-- [ RunTime:0.000270s ]
INFO: [ app_begin ] --START--
INFO: Run Behavior\ReadHtmlCacheBehavior [ RunTime:0.000283s ]
INFO: [ app_begin ] --END-- [ RunTime:0.000309s ]
NOTIC: [8] Undefined index: echostr /home/red/test/weChat/weChat/Home/Controller/IndexController.class.php 第 15 行.
NOTIC: [8] Undefined variable: Content /home/red/test/weChat/weChat/Home/Model/indexModel.class.php 第 47 行.
INFO: [ app_end ] --START--
INFO: Run Behavior\ShowPageTraceBehavior [ RunTime:0.000405s ]
INFO: [ app_end ] --END-- [ RunTime:0.000439s ]

[ 2016-10-16T23:15:57+08:00 ] 192.168.99.8 /?signature=3a741fc514042178f73c06373788f357ab956e3f&timestamp=1476630957&nonce=1613788917&openid=ot9f5wqrhnSkf64BU3hc13s0WN5I&encrypt_type=aes&msg_signature=6678d8f8a06d25865329c0d6fa8ed3a3e4dee319
INFO: [ app_init ] --START--
INFO: Run Behavior\BuildLiteBehavior [ RunTime:0.000008s ]
INFO: [ app_init ] --END-- [ RunTime:0.000196s ]
INFO: [ app_begin ] --START--
INFO: Run Behavior\ReadHtmlCacheBehavior [ RunTime:0.000232s ]
INFO: [ app_begin ] --END-- [ RunTime:0.000254s ]
NOTIC: [8] Undefined index: echostr /home/red/test/weChat/weChat/Home/Controller/IndexController.class.php 第 15 行.
INFO: [ app_end ] --START--
INFO: Run Behavior\ShowPageTraceBehavior [ RunTime:0.000267s ]
INFO: [ app_end ] --END-- [ RunTime:0.000304s ]

[ 2016-10-16T23:16:02+08:00 ] 192.168.99.8 /?signature=a29e17d1c33105214deb5227782740456eb9a822&timestamp=1476630962&nonce=81228639&openid=ot9f5wg8CWeEKwujnX0uHi1HUXQU&encrypt_type=aes&msg_signature=10d57cb3d15313265f991d5571da1503dd17aa91
INFO: [ app_init ] --START--
INFO: Run Behavior\BuildLiteBehavior [ RunTime:0.000009s ]
INFO: [ app_init ] --END-- [ RunTime:0.000251s ]
INFO: [ app_begin ] --START--
INFO: Run Behavior\ReadHtmlCacheBehavior [ RunTime:0.000304s ]
INFO: [ app_begin ] --END-- [ RunTime:0.000328s ]
NOTIC: [8] Undefined index: echostr /home/red/test/weChat/weChat/Home/Controller/IndexController.class.php 第 15 行.
INFO: [ app_end ] --START--
INFO: Run Behavior\ShowPageTraceBehavior [ RunTime:0.001566s ]
INFO: [ app_end ] --END-- [ RunTime:0.001683s ]

[ 2016-10-16T23:16:11+08:00 ] 192.168.99.8 /?signature=c1d09496606950dd898c147d9d14ae5e16045d88&timestamp=1476630971&nonce=1349420705&openid=ot9f5wg8CWeEKwujnX0uHi1HUXQU&encrypt_type=aes&msg_signature=f93684ef22d9f1d7c380836539e7314040d164db
INFO: [ app_init ] --START--
INFO: Run Behavior\BuildLiteBehavior [ RunTime:0.000009s ]
INFO: [ app_init ] --END-- [ RunTime:0.000203s ]
INFO: [ app_begin ] --START--
INFO: Run Behavior\ReadHtmlCacheBehavior [ RunTime:0.000243s ]
INFO: [ app_begin ] --END-- [ RunTime:0.000267s ]
NOTIC: [8] Undefined index: echostr /home/red/test/weChat/weChat/Home/Controller/IndexController.class.php 第 15 行.
NOTIC: [2] date() expects parameter 2 to be integer, object given /home/red/test/weChat/weChat/Home/Model/indexModel.class.php 第 29 行.
INFO: [ app_end ] --START--
INFO: Run Behavior\ShowPageTraceBehavior [ RunTime:0.000300s ]
INFO: [ app_end ] --END-- [ RunTime:0.000327s ]

